{"logTime": "1219/082725", "correlationVector":"qGh7gx0/NyBH3HafPZKVxn.57","action":"GetUpdates", "result":"DeleteReceived", "context":{"id":"e8d6f19d-e2cb-4e64-a618-8ad11c1eca1a", "isDeleted:":"true", "version":"1734281594134"}}
{"logTime": "1219/082725", "correlationVector":"qGh7gx0/NyBH3HafPZKVxn.58","action":"GetUpdates", "result":"DeleteReceived", "context":{"id":"b53b0ef7-2417-4646-beeb-b0f23dba9cf4", "isDeleted:":"true", "version":"1734281594136"}}
{"logTime": "1219/082725", "correlationVector":"qGh7gx0/NyBH3HafPZKVxn.59","action":"GetUpdates", "result":"DeleteReceived", "context":{"id":"8791a782-a3e1-4afb-b221-1bea07b96e04", "isDeleted:":"true", "version":"1734283386226"}}
{"logTime": "1219/082725", "correlationVector":"qGh7gx0/NyBH3HafPZKVxn.60","action":"GetUpdates", "result":"DeleteReceived", "context":{"id":"0cf21f18-3f83-4f21-b05d-6baebeff2ca0", "isDeleted:":"true", "version":"1734283526244"}}
{"logTime": "1219/082725", "correlationVector":"qGh7gx0/NyBH3HafPZKVxn.61","action":"GetUpdates", "result":"DeleteReceived", "context":{"id":"87fc1590-517f-4aab-b4a7-8fb92ff0dc70", "isDeleted:":"true", "version":"1734284495353"}}
{"logTime": "1219/082725", "correlationVector":"qGh7gx0/NyBH3HafPZKVxn.62","action":"GetUpdates", "result":"DeleteReceived", "context":{"id":"1b257dc3-22d9-49fb-9ba7-71424c3c6e3c", "isDeleted:":"true", "version":"1734284893926"}}
{"logTime": "1219/082725", "correlationVector":"qGh7gx0/NyBH3HafPZKVxn.63","action":"GetUpdates", "result":"DeleteReceived", "context":{"id":"7bf12425-dc4a-4c84-954b-a45cf91debdb", "isDeleted:":"true", "version":"1734284938680"}}
{"logTime": "1219/082725", "correlationVector":"qGh7gx0/NyBH3HafPZKVxn.64","action":"GetUpdates", "result":"DeleteReceived", "context":{"id":"dd69cbfc-4e05-48ad-bf53-bb9469e3a986", "isDeleted:":"true", "version":"1734285304566"}}
{"logTime": "1219/082725", "correlationVector":"qGh7gx0/NyBH3HafPZKVxn.65","action":"GetUpdates", "result":"DeleteReceived", "context":{"id":"d0042798-bb23-47bd-886a-e8493242336d", "isDeleted:":"true", "version":"1734285869294"}}
{"logTime": "1219/082725", "correlationVector":"qGh7gx0/NyBH3HafPZKVxn.66","action":"GetUpdates", "result":"DeleteReceived", "context":{"id":"7d98b81e-1c77-4ed9-b221-084bdc557a66", "isDeleted:":"true", "version":"1734285869296"}}
{"logTime": "1219/082725", "correlationVector":"qGh7gx0/NyBH3HafPZKVxn.67","action":"GetUpdates", "result":"DeleteReceived", "context":{"id":"558185d3-ad57-4223-bb6a-13a34d86ab4c", "isDeleted:":"true", "version":"1734285899656"}}
{"logTime": "1219/082725", "correlationVector":"qGh7gx0/NyBH3HafPZKVxn.68","action":"GetUpdates", "result":"DeleteReceived", "context":{"id":"a8e38ad2-c7a8-4304-98fc-dbbdfed2d86d", "isDeleted:":"true", "version":"1734286110982"}}
{"logTime": "1219/082725", "correlationVector":"qGh7gx0/NyBH3HafPZKVxn.69","action":"GetUpdates", "result":"DeleteReceived", "context":{"id":"e8a0a73d-3754-4102-ad4a-afe3cc17f46d", "isDeleted:":"true", "version":"1734286658184"}}
{"logTime": "1219/082725", "correlationVector":"qGh7gx0/NyBH3HafPZKVxn.70","action":"GetUpdates", "result":"DeleteReceived", "context":{"id":"dccc37c9-c092-4428-9f3d-6332cc5df8c1", "isDeleted:":"true", "version":"1734286702004"}}
{"logTime": "1219/082725", "correlationVector":"qGh7gx0/NyBH3HafPZKVxn.71","action":"GetUpdates", "result":"DeleteReceived", "context":{"id":"5ff91920-b1b1-4ed5-a1b9-b8717b3d9962", "isDeleted:":"true", "version":"1734286807404"}}
{"logTime": "1219/082725", "correlationVector":"qGh7gx0/NyBH3HafPZKVxn.72","action":"GetUpdates", "result":"DeleteReceived", "context":{"id":"ff5639e2-8254-456d-8a5f-42f81ccf5a87", "isDeleted:":"true", "version":"1734286992536"}}
{"logTime": "1219/082725", "correlationVector":"qGh7gx0/NyBH3HafPZKVxn.73","action":"GetUpdates", "result":"DeleteReceived", "context":{"id":"4be9208c-2d4a-4dbe-9f06-fc0a13f18bb6", "isDeleted:":"true", "version":"1734287187831"}}
{"logTime": "1219/082725", "correlationVector":"qGh7gx0/NyBH3HafPZKVxn.74","action":"GetUpdates", "result":"DeleteReceived", "context":{"id":"78582575-7d9e-47e5-8459-ed5954e38eba", "isDeleted:":"true", "version":"1734287954246"}}
{"logTime": "1219/082725", "correlationVector":"qGh7gx0/NyBH3HafPZKVxn.75","action":"GetUpdates", "result":"DeleteReceived", "context":{"id":"01b237ee-9774-45a9-8ddb-cb3ace8a9267", "isDeleted:":"true", "version":"1734288595542"}}
{"logTime": "1219/082725", "correlationVector":"qGh7gx0/NyBH3HafPZKVxn.76","action":"GetUpdates", "result":"DeleteReceived", "context":{"id":"548ee92a-0317-4fe6-87b5-2109c2cd8084", "isDeleted:":"true", "version":"1734288707522"}}
{"logTime": "1219/082725", "correlationVector":"qGh7gx0/NyBH3HafPZKVxn.77","action":"GetUpdates", "result":"DeleteReceived", "context":{"id":"5b9f27ec-3a13-476b-be12-51677d95967e", "isDeleted:":"true", "version":"1734288707523"}}
{"logTime": "1219/082725", "correlationVector":"qGh7gx0/NyBH3HafPZKVxn.78","action":"GetUpdates", "result":"DeleteReceived", "context":{"id":"f72913c2-5da9-4440-88b6-692e53743e26", "isDeleted:":"true", "version":"1734288707524"}}
{"logTime": "1219/082725", "correlationVector":"qGh7gx0/NyBH3HafPZKVxn.79","action":"GetUpdates", "result":"DeleteReceived", "context":{"id":"d1a1d2f8-2119-49ae-a9ec-a915089cc4ed", "isDeleted:":"true", "version":"1734288707525"}}
{"logTime": "1219/082725", "correlationVector":"qGh7gx0/NyBH3HafPZKVxn.80","action":"GetUpdates", "result":"DeleteReceived", "context":{"id":"84546dd3-fbe7-46ef-921d-be93b87b6fcd", "isDeleted:":"true", "version":"1734288707526"}}
{"logTime": "1219/082725", "correlationVector":"qGh7gx0/NyBH3HafPZKVxn.81","action":"GetUpdates", "result":"DeleteReceived", "context":{"id":"3987478e-2b4f-41ea-9fb1-e227ea0eee6d", "isDeleted:":"true", "version":"1734288707527"}}
{"logTime": "1219/082725", "correlationVector":"qGh7gx0/NyBH3HafPZKVxn.82","action":"GetUpdates", "result":"DeleteReceived", "context":{"id":"f0b27ead-e92e-42f6-8e05-9c1f46f8017b", "isDeleted:":"true", "version":"1734288707528"}}
{"logTime": "1219/082725", "correlationVector":"qGh7gx0/NyBH3HafPZKVxn.83","action":"GetUpdates", "result":"DeleteReceived", "context":{"id":"260429cf-3e09-4481-b5ac-d70bf5aaf798", "isDeleted:":"true", "version":"1734288707529"}}
{"logTime": "1219/082725", "correlationVector":"qGh7gx0/NyBH3HafPZKVxn.84","action":"GetUpdates", "result":"DeleteReceived", "context":{"id":"1e12ef6f-6fec-4dfb-a7e6-1df77645dd11", "isDeleted:":"true", "version":"1734288707531"}}
{"logTime": "1219/082725", "correlationVector":"qGh7gx0/NyBH3HafPZKVxn.85","action":"GetUpdates", "result":"DeleteReceived", "context":{"id":"22cef73c-02cf-44be-b397-e291018a43d3", "isDeleted:":"true", "version":"1734289023967"}}
{"logTime": "1219/082725", "correlationVector":"qGh7gx0/NyBH3HafPZKVxn.86","action":"GetUpdates", "result":"DeleteReceived", "context":{"id":"5559a8b7-8541-42ea-986d-e9b043781d9b", "isDeleted:":"true", "version":"1734289023968"}}
{"logTime": "1219/082725", "correlationVector":"qGh7gx0/NyBH3HafPZKVxn.87","action":"GetUpdates", "result":"DeleteReceived", "context":{"id":"e045127f-d8c1-4c0e-bec8-f50b8dfb76a4", "isDeleted:":"true", "version":"1734289023969"}}
{"logTime": "1219/082725", "correlationVector":"qGh7gx0/NyBH3HafPZKVxn.88","action":"GetUpdates", "result":"DeleteReceived", "context":{"id":"01b33350-e360-47d6-8b80-9d8e431c3d4c", "isDeleted:":"true", "version":"1734289340673"}}
{"logTime": "1219/082725", "correlationVector":"qGh7gx0/NyBH3HafPZKVxn.89","action":"GetUpdates", "result":"DeleteReceived", "context":{"id":"1a77bb0f-2a0d-41c3-902c-c5343ce2ef58", "isDeleted:":"true", "version":"1734290000749"}}
{"logTime": "1219/082725", "correlationVector":"qGh7gx0/NyBH3HafPZKVxn.90","action":"GetUpdates", "result":"DeleteReceived", "context":{"id":"bcb812d1-7b76-49c5-bf24-6fb2550f0e07", "isDeleted:":"true", "version":"1734290180789"}}
{"logTime": "1219/082725", "correlationVector":"qGh7gx0/NyBH3HafPZKVxn.91","action":"GetUpdates", "result":"DeleteReceived", "context":{"id":"9d7a2ceb-0055-441d-aceb-2b0655cf312b", "isDeleted:":"true", "version":"1734290189521"}}
{"logTime": "1219/082725", "correlationVector":"qGh7gx0/NyBH3HafPZKVxn.92","action":"GetUpdates", "result":"DeleteReceived", "context":{"id":"48b959ac-7761-4042-9356-d80548439dec", "isDeleted:":"true", "version":"1734290344986"}}
{"logTime": "1219/082725", "correlationVector":"qGh7gx0/NyBH3HafPZKVxn.93","action":"GetUpdates", "result":"DeleteReceived", "context":{"id":"eb6aae5d-a28b-4212-8024-ec19a75383ce", "isDeleted:":"true", "version":"1734290344987"}}
{"logTime": "1219/082725", "correlationVector":"qGh7gx0/NyBH3HafPZKVxn.94","action":"GetUpdates", "result":"DeleteReceived", "context":{"id":"34236ac7-0b3b-4a61-a447-4a2be762928f", "isDeleted:":"true", "version":"1734290344989"}}
{"logTime": "1219/082725", "correlationVector":"qGh7gx0/NyBH3HafPZKVxn.95","action":"GetUpdates", "result":"DeleteReceived", "context":{"id":"4172159f-8617-4af3-9f0b-db45ca0b0477", "isDeleted:":"true", "version":"1734290344990"}}
{"logTime": "1219/082725", "correlationVector":"qGh7gx0/NyBH3HafPZKVxn.96","action":"GetUpdates", "result":"DeleteReceived", "context":{"id":"15ca99c2-c71d-46a5-b333-88f1a5e71962", "isDeleted:":"true", "version":"1734290344991"}}
{"logTime": "1219/082725", "correlationVector":"qGh7gx0/NyBH3HafPZKVxn.97","action":"GetUpdates", "result":"DeleteReceived", "context":{"id":"b9d0c411-325b-4352-b093-01279d84aeb0", "isDeleted:":"true", "version":"1734290344992"}}
{"logTime": "1219/082725", "correlationVector":"qGh7gx0/NyBH3HafPZKVxn.98","action":"GetUpdates", "result":"DeleteReceived", "context":{"id":"39bdc387-65c8-4c87-a51d-ea5a9a5dcac7", "isDeleted:":"true", "version":"1734290344993"}}
{"logTime": "1219/082725", "correlationVector":"qGh7gx0/NyBH3HafPZKVxn.99","action":"GetUpdates", "result":"DeleteReceived", "context":{"id":"85fc5289-c566-4e4b-8274-de65200b99ef", "isDeleted:":"true", "version":"1734290344994"}}
{"logTime": "1219/082725", "correlationVector":"qGh7gx0/NyBH3HafPZKVxn.100","action":"GetUpdates", "result":"DeleteReceived", "context":{"id":"8a300c04-7cba-4243-975f-88ce77dd650e", "isDeleted:":"true", "version":"1734290344995"}}
{"logTime": "1219/082725", "correlationVector":"qGh7gx0/NyBH3HafPZKVxn.101","action":"GetUpdates", "result":"DeleteReceived", "context":{"id":"b3a07340-731a-42ae-8fd0-273fa27b368e", "isDeleted:":"true", "version":"1734290975271"}}
{"logTime": "1219/082725", "correlationVector":"qGh7gx0/NyBH3HafPZKVxn.102","action":"GetUpdates", "result":"DeleteReceived", "context":{"id":"eb3fb113-f669-4ed1-ab47-fe8f792a8839", "isDeleted:":"true", "version":"1734290975273"}}
{"logTime": "1219/082725", "correlationVector":"qGh7gx0/NyBH3HafPZKVxn.103","action":"GetUpdates", "result":"DeleteReceived", "context":{"id":"ebaa7461-744f-4fcb-9912-b4fa1fe9093e", "isDeleted:":"true", "version":"1734291766553"}}
{"logTime": "1219/082725", "correlationVector":"qGh7gx0/NyBH3HafPZKVxn.104","action":"GetUpdates", "result":"DeleteReceived", "context":{"id":"a3bc99e1-a55c-4337-bfe8-7e03a33c5210", "isDeleted:":"true", "version":"1734292117076"}}
{"logTime": "1219/082725", "correlationVector":"qGh7gx0/NyBH3HafPZKVxn.105","action":"GetUpdates", "result":"DeleteReceived", "context":{"id":"1894a0be-0a4f-40fb-a50e-90a8010aa53c", "isDeleted:":"true", "version":"1734293228311"}}
{"logTime": "1219/082725", "correlationVector":"qGh7gx0/NyBH3HafPZKVxn.106","action":"GetUpdates", "result":"DeleteReceived", "context":{"id":"f5dc306e-c716-4b8c-921b-891d1cd76a7b", "isDeleted:":"true", "version":"1734338256342"}}
{"logTime": "1219/082725", "correlationVector":"qGh7gx0/NyBH3HafPZKVxn.107","action":"GetUpdates", "result":"DeleteReceived", "context":{"id":"31bac663-f4de-4224-b1ab-ea0fd60b261e", "isDeleted:":"true", "version":"1734345187989"}}
{"logTime": "1219/082725", "correlationVector":"qGh7gx0/NyBH3HafPZKVxn.108","action":"GetUpdates", "result":"DeleteReceived", "context":{"id":"e1f1a4e3-2c7d-4572-8b08-bb3bed043e02", "isDeleted:":"true", "version":"1734345220978"}}
{"logTime": "1219/082725", "correlationVector":"qGh7gx0/NyBH3HafPZKVxn.109","action":"GetUpdates", "result":"DeleteReceived", "context":{"id":"ac1987b6-903e-462a-a9e6-0d355f09d9b5", "isDeleted:":"true", "version":"1734345220979"}}
{"logTime": "1219/082725", "correlationVector":"qGh7gx0/NyBH3HafPZKVxn.110","action":"GetUpdates", "result":"DeleteReceived", "context":{"id":"994b0c5d-a276-4024-b607-40753a478b35", "isDeleted:":"true", "version":"1734345220980"}}
{"logTime": "1219/082725", "correlationVector":"qGh7gx0/NyBH3HafPZKVxn.111","action":"GetUpdates", "result":"DeleteReceived", "context":{"id":"c5fabbb8-5ac5-4a98-890b-1510316c649b", "isDeleted:":"true", "version":"1734345376913"}}
{"logTime": "1219/082725", "correlationVector":"qGh7gx0/NyBH3HafPZKVxn.112","action":"GetUpdates", "result":"DeleteReceived", "context":{"id":"c4c45845-159b-469c-b730-818dca11fad5", "isDeleted:":"true", "version":"1734345640528"}}
{"logTime": "1219/082725", "correlationVector":"qGh7gx0/NyBH3HafPZKVxn.113","action":"GetUpdates", "result":"DeleteReceived", "context":{"id":"68f684cd-bc58-4402-84b4-b5cc98a16aeb", "isDeleted:":"true", "version":"1734345725248"}}
{"logTime": "1219/082725", "correlationVector":"qGh7gx0/NyBH3HafPZKVxn.114","action":"GetUpdates", "result":"DeleteReceived", "context":{"id":"4b11d362-aeb8-4011-ae51-2822f0f77368", "isDeleted:":"true", "version":"1734345893933"}}
{"logTime": "1219/082725", "correlationVector":"qGh7gx0/NyBH3HafPZKVxn.115","action":"GetUpdates", "result":"DeleteReceived", "context":{"id":"a2e1ae44-83d0-414f-8e2a-cec5353f3cd9", "isDeleted:":"true", "version":"1734345902666"}}
{"logTime": "1219/082725", "correlationVector":"qGh7gx0/NyBH3HafPZKVxn.116","action":"GetUpdates", "result":"DeleteReceived", "context":{"id":"bc2721c8-4418-4d48-bc96-c7e2b5911f4d", "isDeleted:":"true", "version":"1734345998332"}}
{"logTime": "1219/082725", "correlationVector":"qGh7gx0/NyBH3HafPZKVxn.117","action":"GetUpdates", "result":"DeleteReceived", "context":{"id":"f6e184d1-6c5c-4843-aa9d-e80ee3785bb9", "isDeleted:":"true", "version":"1734346036179"}}
{"logTime": "1219/082725", "correlationVector":"qGh7gx0/NyBH3HafPZKVxn.118","action":"GetUpdates", "result":"DeleteReceived", "context":{"id":"2e6b823a-5263-4fbc-b7e6-263dd6e39b71", "isDeleted:":"true", "version":"1734346082775"}}
{"logTime": "1219/082725", "correlationVector":"qGh7gx0/NyBH3HafPZKVxn.119","action":"GetUpdates", "result":"DeleteReceived", "context":{"id":"026de1a4-194f-4c32-b8f3-b321de9e6e23", "isDeleted:":"true", "version":"1734346465843"}}
{"logTime": "1219/082725", "correlationVector":"qGh7gx0/NyBH3HafPZKVxn.120","action":"GetUpdates", "result":"DeleteReceived", "context":{"id":"89ad6765-dc17-43d3-bd4c-0dfe5de2f92e", "isDeleted:":"true", "version":"1734346465844"}}
{"logTime": "1219/082725", "correlationVector":"qGh7gx0/NyBH3HafPZKVxn.121","action":"GetUpdates", "result":"DeleteReceived", "context":{"id":"d9949318-1d2b-43b2-889c-06007ee067ea", "isDeleted:":"true", "version":"1734347292839"}}
{"logTime": "1219/082725", "correlationVector":"qGh7gx0/NyBH3HafPZKVxn.122","action":"GetUpdates", "result":"DeleteReceived", "context":{"id":"172f1039-0d95-4f9a-ba00-822ec77fd10c", "isDeleted:":"true", "version":"1734347292840"}}
{"logTime": "1219/082725", "correlationVector":"qGh7gx0/NyBH3HafPZKVxn.123","action":"GetUpdates", "result":"DeleteReceived", "context":{"id":"05b5307b-c8de-45c8-95e7-3aff112324d3", "isDeleted:":"true", "version":"1734347382582"}}
{"logTime": "1219/082725", "correlationVector":"qGh7gx0/NyBH3HafPZKVxn.124","action":"GetUpdates", "result":"DeleteReceived", "context":{"id":"cc97206b-9a1c-4165-9e37-6b100642e8a3", "isDeleted:":"true", "version":"1734347382583"}}
{"logTime": "1219/082725", "correlationVector":"qGh7gx0/NyBH3HafPZKVxn.125","action":"GetUpdates", "result":"DeleteReceived", "context":{"id":"8d008d7e-61f0-4fb5-996a-c33b147a209f", "isDeleted:":"true", "version":"1734347580818"}}
{"logTime": "1219/082725", "correlationVector":"qGh7gx0/NyBH3HafPZKVxn.126","action":"GetUpdates", "result":"DeleteReceived", "context":{"id":"2316c528-b269-49c9-bc50-1502138e1473", "isDeleted:":"true", "version":"1734347580819"}}
{"logTime": "1219/082725", "correlationVector":"qGh7gx0/NyBH3HafPZKVxn.127","action":"GetUpdates", "result":"DeleteReceived", "context":{"id":"75709ca8-2180-4506-9829-a05851aa2a7a", "isDeleted:":"true", "version":"1734347580820"}}
{"logTime": "1219/082725", "correlationVector":"qGh7gx0/NyBH3HafPZKVxn.128","action":"GetUpdates", "result":"DeleteReceived", "context":{"id":"e996d728-d81e-4f56-b895-3e5a800d743e", "isDeleted:":"true", "version":"1734347614865"}}
{"logTime": "1219/082725", "correlationVector":"qGh7gx0/NyBH3HafPZKVxn.129","action":"GetUpdates", "result":"DeleteReceived", "context":{"id":"19b41f84-4ec8-484a-9133-148eedbf5ac0", "isDeleted:":"true", "version":"1734347699630"}}
{"logTime": "1219/082725", "correlationVector":"qGh7gx0/NyBH3HafPZKVxn.130","action":"GetUpdates", "result":"DeleteReceived", "context":{"id":"1d5dc7f7-7611-4765-8f14-8960f3560984", "isDeleted:":"true", "version":"1734359462445"}}
{"logTime": "1219/082725", "correlationVector":"qGh7gx0/NyBH3HafPZKVxn.131","action":"GetUpdates", "result":"DeleteReceived", "context":{"id":"bdf76a07-f08f-4424-a227-a318d80e9774", "isDeleted:":"true", "version":"1734359527506"}}
{"logTime": "1219/082725", "correlationVector":"qGh7gx0/NyBH3HafPZKVxn.132","action":"GetUpdates", "result":"DeleteReceived", "context":{"id":"808acb5f-67c9-44b1-89b8-fc93b2d33a1e", "isDeleted:":"true", "version":"1734361533381"}}
{"logTime": "1219/082725", "correlationVector":"qGh7gx0/NyBH3HafPZKVxn.133","action":"GetUpdates", "result":"DeleteReceived", "context":{"id":"c2829df0-aa87-4da8-856d-9f9c32859b92", "isDeleted:":"true", "version":"1734361558831"}}
{"logTime": "1219/082725", "correlationVector":"qGh7gx0/NyBH3HafPZKVxn.134","action":"GetUpdates", "result":"DeleteReceived", "context":{"id":"a06147ec-9b4f-41c1-8bd4-e404085cf208", "isDeleted:":"true", "version":"1734361558832"}}
{"logTime": "1219/082725", "correlationVector":"qGh7gx0/NyBH3HafPZKVxn.135","action":"GetUpdates", "result":"DeleteReceived", "context":{"id":"61b7b02a-48af-4ccd-a039-2602ac183ed7", "isDeleted:":"true", "version":"1734361590277"}}
{"logTime": "1219/082725", "correlationVector":"qGh7gx0/NyBH3HafPZKVxn.136","action":"GetUpdates", "result":"DeleteReceived", "context":{"id":"a4099c12-ad59-4deb-a234-591f9e2b03fd", "isDeleted:":"true", "version":"1734361769467"}}
{"logTime": "1219/082725", "correlationVector":"qGh7gx0/NyBH3HafPZKVxn.137","action":"GetUpdates", "result":"DeleteReceived", "context":{"id":"fb214a65-06fd-43b0-9481-c75116235fe1", "isDeleted:":"true", "version":"1734431113585"}}
{"logTime": "1219/082725", "correlationVector":"qGh7gx0/NyBH3HafPZKVxn.138","action":"GetUpdates", "result":"DeleteReceived", "context":{"id":"29e92bc3-171f-4c4f-b95e-f7c1a8d4e14d", "isDeleted:":"true", "version":"1734431148700"}}
{"logTime": "1219/082725", "correlationVector":"qGh7gx0/NyBH3HafPZKVxn.139","action":"GetUpdates", "result":"DeleteReceived", "context":{"id":"36e2bf6d-8ba7-477b-bf3c-a2afb2058526", "isDeleted:":"true", "version":"1734431218907"}}
{"logTime": "1219/082725", "correlationVector":"qGh7gx0/NyBH3HafPZKVxn.140","action":"GetUpdates", "result":"DeleteReceived", "context":{"id":"04caf51d-f9e2-4842-86d4-010378602682", "isDeleted:":"true", "version":"1734432383485"}}
{"logTime": "1219/082725", "correlationVector":"qGh7gx0/NyBH3HafPZKVxn.141","action":"GetUpdates", "result":"DeleteReceived", "context":{"id":"ee7e9536-d68f-4352-90d3-20b76a6052e4", "isDeleted:":"true", "version":"1734432383487"}}
{"logTime": "1219/082725", "correlationVector":"qGh7gx0/NyBH3HafPZKVxn.142","action":"GetUpdates", "result":"DeleteReceived", "context":{"id":"9bdd8480-d805-4a78-8796-c19d6319fc1e", "isDeleted:":"true", "version":"1734432496875"}}
{"logTime": "1219/082725", "correlationVector":"qGh7gx0/NyBH3HafPZKVxn.143","action":"GetUpdates", "result":"DeleteReceived", "context":{"id":"53da987f-2e55-461b-9927-64c9c347602b", "isDeleted:":"true", "version":"1734433313512"}}
{"logTime": "1219/082725", "correlationVector":"qGh7gx0/NyBH3HafPZKVxn.144","action":"GetUpdates", "result":"DeleteReceived", "context":{"id":"fba96e12-6305-4a2b-adc3-20d3eb4bc286", "isDeleted:":"true", "version":"1734435279283"}}
{"logTime": "1219/082725", "correlationVector":"qGh7gx0/NyBH3HafPZKVxn.145","action":"GetUpdates", "result":"DeleteReceived", "context":{"id":"e4448bd0-2da7-4dcd-a9cc-cf4706c4feda", "isDeleted:":"true", "version":"1734435309734"}}
{"logTime": "1219/082725", "correlationVector":"qGh7gx0/NyBH3HafPZKVxn.146","action":"GetUpdates", "result":"DeleteReceived", "context":{"id":"d28badb3-7bcc-451b-b564-fb03cee991c7", "isDeleted:":"true", "version":"1734435309735"}}
{"logTime": "1219/082725", "correlationVector":"qGh7gx0/NyBH3HafPZKVxn.147","action":"GetUpdates", "result":"DeleteReceived", "context":{"id":"bbbb5d80-4157-435a-8939-e24b3cbb09e8", "isDeleted:":"true", "version":"1734435309736"}}
{"logTime": "1219/082725", "correlationVector":"qGh7gx0/NyBH3HafPZKVxn.148","action":"GetUpdates", "result":"DeleteReceived", "context":{"id":"57eb8f03-9dae-4545-9995-88cd46a52015", "isDeleted:":"true", "version":"1734435309737"}}
{"logTime": "1219/082725", "correlationVector":"qGh7gx0/NyBH3HafPZKVxn.149","action":"GetUpdates", "result":"DeleteReceived", "context":{"id":"d3a4d9ea-1718-4968-985f-78c38b61e468", "isDeleted:":"true", "version":"1734436157475"}}
{"logTime": "1219/082725", "correlationVector":"qGh7gx0/NyBH3HafPZKVxn.150","action":"GetUpdates", "result":"DeleteReceived", "context":{"id":"ad593416-5c07-449f-89c6-986fd067265e", "isDeleted:":"true", "version":"1734436534662"}}
{"logTime": "1219/082725", "correlationVector":"qGh7gx0/NyBH3HafPZKVxn.151","action":"GetUpdates", "result":"DeleteReceived", "context":{"id":"242a7c20-822a-4c81-bc59-383a357b58bc", "isDeleted:":"true", "version":"1734437974512"}}
{"logTime": "1219/082725", "correlationVector":"qGh7gx0/NyBH3HafPZKVxn.152","action":"GetUpdates", "result":"DeleteReceived", "context":{"id":"84a92c2f-48ed-4fa8-b638-d6e1dd2eea9f", "isDeleted:":"true", "version":"1734437974514"}}
{"logTime": "1219/082725", "correlationVector":"qGh7gx0/NyBH3HafPZKVxn.153","action":"GetUpdates", "result":"DeleteReceived", "context":{"id":"58d45420-7334-4962-965a-5e3fa28b8fb5", "isDeleted:":"true", "version":"1734441571928"}}
{"logTime": "1219/082725", "correlationVector":"qGh7gx0/NyBH3HafPZKVxn.154","action":"GetUpdates", "result":"DeleteReceived", "context":{"id":"eb7f7f86-3602-447f-a349-bd52eb0bec8f", "isDeleted:":"true", "version":"1734441695369"}}
{"logTime": "1219/082725", "correlationVector":"qGh7gx0/NyBH3HafPZKVxn.155","action":"GetUpdates", "result":"DeleteReceived", "context":{"id":"8e30b5e5-2314-418d-8f6f-8db656a033c1", "isDeleted:":"true", "version":"1734443072889"}}
{"logTime": "1219/082725", "correlationVector":"qGh7gx0/NyBH3HafPZKVxn.156","action":"GetUpdates", "result":"DeleteReceived", "context":{"id":"11a9536c-7dec-47cc-8927-43c660d8e07c", "isDeleted:":"true", "version":"1734450387828"}}
{"logTime": "1219/082725", "correlationVector":"qGh7gx0/NyBH3HafPZKVxn.157","action":"GetUpdates", "result":"DeleteReceived", "context":{"id":"eda9e303-de07-4a54-a67e-3583b0b8c6b6", "isDeleted:":"true", "version":"1734450543099"}}
{"logTime": "1219/082725", "correlationVector":"qGh7gx0/NyBH3HafPZKVxn.158","action":"GetUpdates", "result":"DeleteReceived", "context":{"id":"89d54f04-5686-4709-b0c5-6f4d3889a9d4", "isDeleted:":"true", "version":"1734450636600"}}
{"logTime": "1219/082725", "correlationVector":"qGh7gx0/NyBH3HafPZKVxn.159","action":"GetUpdates", "result":"DeleteReceived", "context":{"id":"3a1a0e8a-dfcc-40eb-bce8-559c8dba4ffb", "isDeleted:":"true", "version":"1734450636602"}}
{"logTime": "1219/082725", "correlationVector":"qGh7gx0/NyBH3HafPZKVxn.160","action":"GetUpdates", "result":"DeleteReceived", "context":{"id":"db348e75-258f-43aa-b77f-9346782a0f70", "isDeleted:":"true", "version":"1734451726740"}}
{"logTime": "1219/082725", "correlationVector":"qGh7gx0/NyBH3HafPZKVxn.161","action":"GetUpdates", "result":"DeleteReceived", "context":{"id":"43f61069-4980-4501-b7a0-149a14faeeb2", "isDeleted:":"true", "version":"1734467391097"}}
{"logTime": "1219/082725", "correlationVector":"qGh7gx0/NyBH3HafPZKVxn.162","action":"GetUpdates", "result":"DeleteReceived", "context":{"id":"8a691bc4-0340-4a10-a6be-c61db8961431", "isDeleted:":"true", "version":"1734521751029"}}
{"logTime": "1219/082725", "correlationVector":"qGh7gx0/NyBH3HafPZKVxn.163","action":"GetUpdates", "result":"DeleteReceived", "context":{"id":"1c2a9381-ad80-40fe-ab57-75d4381b27cc", "isDeleted:":"true", "version":"1734521796147"}}
{"logTime": "1219/082725", "correlationVector":"qGh7gx0/NyBH3HafPZKVxn.164","action":"GetUpdates", "result":"DeleteReceived", "context":{"id":"a3c8158e-d4ed-48dd-9e4c-aec902f4670d", "isDeleted:":"true", "version":"1734522291928"}}
{"logTime": "1219/082725", "correlationVector":"qGh7gx0/NyBH3HafPZKVxn.165","action":"GetUpdates", "result":"DeleteReceived", "context":{"id":"fca61dda-d513-4635-9b72-04f43039cab9", "isDeleted:":"true", "version":"1734522332215"}}
{"logTime": "1219/082725", "correlationVector":"qGh7gx0/NyBH3HafPZKVxn.166","action":"GetUpdates", "result":"DeleteReceived", "context":{"id":"0dc1c3b1-41af-438c-8abe-619acf306dc1", "isDeleted:":"true", "version":"1734522540183"}}
{"logTime": "1219/082725", "correlationVector":"qGh7gx0/NyBH3HafPZKVxn.167","action":"GetUpdates", "result":"DeleteReceived", "context":{"id":"bd7c497a-c865-4a82-bcad-f2c3744e5cae", "isDeleted:":"true", "version":"1734522558073"}}
{"logTime": "1219/082725", "correlationVector":"qGh7gx0/NyBH3HafPZKVxn.168","action":"GetUpdates", "result":"DeleteReceived", "context":{"id":"52b77b70-0d0b-45bb-95ba-b2b5f760b93d", "isDeleted:":"true", "version":"1734596824586"}}
{"logTime": "1219/082725", "correlationVector":"qGh7gx0/NyBH3HafPZKVxn.169","action":"GetUpdates Response", "result":"Success", "context":Received 233 update(s). cV=qGh7gx0/NyBH3HafPZKVxn.0;server=GENERAL01000001;cloudType=Consumer;environment=Prod_NorthEurope_000h;migrationStage=NotStarted}
{"logTime": "1219/082725", "correlationVector":"UtpBCX+3HIbnU0pbhV/F07","action":"Normal GetUpdate request", "result":"", "context":cV=UtpBCX+3HIbnU0pbhV/F07
Nudged types: Typed URLs, Sessions, Device Info, User Consents
Refresh requested types: Bookmarks, Preferences, Passwords, Autofill Profiles, Autofill, Typed URLs, Extensions, Sessions, Extension settings, History Delete Directives, Device Info, User Consents, Send Tab To Self, Web Apps, Collection, Edge E Drop, Edge Hub App Usage, Edge Tab Group, Edge Wallet, Encryption Keys}
{"logTime": "1219/082725", "correlationVector":"UtpBCX+3HIbnU0pbhV/F07.1","action":"SyncServerConnectionManagerRequest", "result":"SYNC_SERVER_OK", "context":{"environment":"Prod_WestEurope_000l", "migrationStage":"NotStarted", "server":"general0100000E"}}
{"logTime": "1219/082725", "correlationVector":"UtpBCX+3HIbnU0pbhV/F07.2","action":"GetUpdates Response", "result":"Success", "context":Received 0 update(s). cV=UtpBCX+3HIbnU0pbhV/F07.0;server=general0100000E;cloudType=Consumer;environment=Prod_WestEurope_000l;migrationStage=NotStarted}
{"logTime": "1219/082725", "correlationVector":"NTGCL5SaeN5vagt3B+elMQ","action":"Commit Request", "result":"", "context":Item count: 11
Contributing types: Typed URLs, Sessions, Device Info, User Consents}
{"logTime": "1219/082726", "correlationVector":"NTGCL5SaeN5vagt3B+elMQ.1","action":"SyncServerConnectionManagerRequest", "result":"SYNC_SERVER_OK", "context":{"environment":"Prod_NorthEurope_000h", "migrationStage":"NotStarted", "server":"GENERAL0100001F"}}
{"logTime": "1219/082726", "correlationVector":"NTGCL5SaeN5vagt3B+elMQ.2","action":"Commit Response", "result":"Success", "context":Result: Success. cV=NTGCL5SaeN5vagt3B+elMQ.0;server=GENERAL0100001F;cloudType=Consumer;environment=Prod_NorthEurope_000h;migrationStage=NotStarted}
{"logTime": "1219/083740", "correlationVector":"Bn2Zb8Bw8ecL+lYn05cgEn.1","action":"SyncServerConnectionManagerRequest", "result":"SYNC_SERVER_OK", "context":{"environment":"Prod_WestEurope_x00e", "migrationStage":"NotStarted", "server":"GENERAL0200000P"}}
{"logTime": "1219/083740", "correlationVector":"LC1PB4Q5FPfonUh1Ikqq6n","action":"SyncServerConnectionManagerRequest", "result":"SYNC_SERVER_OK", "context":{"environment":"", "migrationStage":"", "server":""}}
{"logTime": "1219/083740", "correlationVector":"Bn2Zb8Bw8ecL+lYn05cgEn","action":"Initial GetUpdates", "result":"", "context":Reason: NEW_CLIENT. cV=Bn2Zb8Bw8ecL+lYn05cgEn}
{"logTime": "1219/083740", "correlationVector":"Bn2Zb8Bw8ecL+lYn05cgEn.2","action":"GetUpdates Response", "result":"Success", "context":Received 1 update(s). cV=Bn2Zb8Bw8ecL+lYn05cgEn.0;server=GENERAL0200000P;cloudType=Consumer;environment=Prod_WestEurope_x00e;migrationStage=NotStarted}
{"logTime": "1219/083740", "correlationVector":"s6wPPeSjPqpAogU1pVxYCf","action":"Initial GetUpdates", "result":"", "context":Reason: NEWLY_SUPPORTED_DATATYPE. cV=s6wPPeSjPqpAogU1pVxYCf}
{"logTime": "1219/083741", "correlationVector":"s6wPPeSjPqpAogU1pVxYCf.1","action":"SyncServerConnectionManagerRequest", "result":"SYNC_SERVER_OK", "context":{"environment":"Prod_NorthEurope_000h", "migrationStage":"NotStarted", "server":"GENERAL01000027"}}
{"logTime": "1219/083741", "correlationVector":"s6wPPeSjPqpAogU1pVxYCf.2","action":"GetUpdates Response", "result":"Success", "context":Received 250 update(s). cV=s6wPPeSjPqpAogU1pVxYCf.0;server=GENERAL01000027;cloudType=Consumer;environment=Prod_NorthEurope_000h;migrationStage=NotStarted Some updates remain.}
{"logTime": "1219/083741", "correlationVector":"upHR9+1ddstJuAphX3EliH","action":"Initial GetUpdates", "result":"", "context":Reason: NEWLY_SUPPORTED_DATATYPE. cV=upHR9+1ddstJuAphX3EliH}
{"logTime": "1219/083742", "correlationVector":"upHR9+1ddstJuAphX3EliH.1","action":"SyncServerConnectionManagerRequest", "result":"SYNC_SERVER_OK", "context":{"environment":"Prod_WestEurope_x00e", "migrationStage":"NotStarted", "server":"GENERAL02000006"}}
{"logTime": "1219/083742", "correlationVector":"upHR9+1ddstJuAphX3EliH.2","action":"GetUpdates Response", "result":"Success", "context":Received 250 update(s). cV=upHR9+1ddstJuAphX3EliH.0;server=GENERAL02000006;cloudType=Consumer;environment=Prod_WestEurope_x00e;migrationStage=NotStarted Some updates remain.}
{"logTime": "1219/083742", "correlationVector":"yEj3o/iQJLXCgnG4PK96Nk","action":"Initial GetUpdates", "result":"", "context":Reason: NEWLY_SUPPORTED_DATATYPE. cV=yEj3o/iQJLXCgnG4PK96Nk}
{"logTime": "1219/083742", "correlationVector":"yEj3o/iQJLXCgnG4PK96Nk.1","action":"SyncServerConnectionManagerRequest", "result":"SYNC_SERVER_OK", "context":{"environment":"Prod_WestEurope_x00e", "migrationStage":"NotStarted", "server":"GENERAL02000038"}}
{"logTime": "1219/083742", "correlationVector":"yEj3o/iQJLXCgnG4PK96Nk.2","action":"GetUpdates Response", "result":"Success", "context":Received 250 update(s). cV=yEj3o/iQJLXCgnG4PK96Nk.0;server=GENERAL02000038;cloudType=Consumer;environment=Prod_WestEurope_x00e;migrationStage=NotStarted Some updates remain.}
{"logTime": "1219/083742", "correlationVector":"UK6gzVS9fKx0XgFQRYvEH4","action":"Initial GetUpdates", "result":"", "context":Reason: NEWLY_SUPPORTED_DATATYPE. cV=UK6gzVS9fKx0XgFQRYvEH4}
{"logTime": "1219/083743", "correlationVector":"UK6gzVS9fKx0XgFQRYvEH4.1","action":"SyncServerConnectionManagerRequest", "result":"SYNC_SERVER_OK", "context":{"environment":"Prod_WestEurope_x00e", "migrationStage":"NotStarted", "server":"GENERAL02000038"}}
{"logTime": "1219/083743", "correlationVector":"UK6gzVS9fKx0XgFQRYvEH4.2","action":"GetUpdates", "result":"DeleteReceived", "context":{"id":"7578e2e3-c00d-4312-887d-c8fae439e878", "isDeleted:":"true", "version":"1729969594241"}}
{"logTime": "1219/083743", "correlationVector":"UK6gzVS9fKx0XgFQRYvEH4.3","action":"GetUpdates", "result":"DeleteReceived", "context":{"id":"c930e166-076f-4d79-80f1-408b79be678d", "isDeleted:":"true", "version":"1729969594247"}}
{"logTime": "1219/083743", "correlationVector":"UK6gzVS9fKx0XgFQRYvEH4.4","action":"GetUpdates", "result":"DeleteReceived", "context":{"id":"1dc949aa-9cb5-40be-a463-f95db87138b0", "isDeleted:":"true", "version":"1729969594249"}}
{"logTime": "1219/083743", "correlationVector":"UK6gzVS9fKx0XgFQRYvEH4.5","action":"GetUpdates Response", "result":"Success", "context":Received 250 update(s). cV=UK6gzVS9fKx0XgFQRYvEH4.0;server=GENERAL02000038;cloudType=Consumer;environment=Prod_WestEurope_x00e;migrationStage=NotStarted Some updates remain.}
{"logTime": "1219/083743", "correlationVector":"zE+zVtKXKYz1MKWAsiFfHZ","action":"Initial GetUpdates", "result":"", "context":Reason: NEWLY_SUPPORTED_DATATYPE. cV=zE+zVtKXKYz1MKWAsiFfHZ}
{"logTime": "1219/083743", "correlationVector":"zE+zVtKXKYz1MKWAsiFfHZ.1","action":"SyncServerConnectionManagerRequest", "result":"SYNC_SERVER_OK", "context":{"environment":"Prod_WestEurope_x00e", "migrationStage":"NotStarted", "server":"GENERAL0200001A"}}
{"logTime": "1219/083743", "correlationVector":"zE+zVtKXKYz1MKWAsiFfHZ.2","action":"GetUpdates Response", "result":"Success", "context":Received 89 update(s). cV=zE+zVtKXKYz1MKWAsiFfHZ.0;server=GENERAL0200001A;cloudType=Consumer;environment=Prod_WestEurope_x00e;migrationStage=NotStarted}
{"logTime": "1219/083750", "correlationVector":"2pwf5h3NwIROjKEi3ncwKk","action":"Normal GetUpdate request", "result":"", "context":cV=2pwf5h3NwIROjKEi3ncwKk
Nudged types: Sessions
Refresh requested types: Bookmarks, Preferences, Passwords, Autofill Profiles, Autofill, Typed URLs, Extensions, Sessions, Extension settings, History Delete Directives, Device Info, User Consents, Send Tab To Self, Web Apps, Collection, Edge E Drop, Edge Hub App Usage, Edge Tab Group, Edge Wallet, Encryption Keys}
{"logTime": "1219/083752", "correlationVector":"2pwf5h3NwIROjKEi3ncwKk.1","action":"SyncServerConnectionManagerRequest", "result":"SYNC_SERVER_OK", "context":{"environment":"Prod_WestEurope_x00e", "migrationStage":"NotStarted", "server":"GENERAL0200002Z"}}
{"logTime": "1219/083752", "correlationVector":"2pwf5h3NwIROjKEi3ncwKk.2","action":"GetUpdates", "result":"DeleteReceived", "context":{"id":"890392af-8842-488d-8684-01e54a317aa8", "isDeleted:":"true", "version":"1734597293092"}}
{"logTime": "1219/083752", "correlationVector":"2pwf5h3NwIROjKEi3ncwKk.3","action":"GetUpdates Response", "result":"Success", "context":Received 11 update(s). cV=2pwf5h3NwIROjKEi3ncwKk.0;server=GENERAL0200002Z;cloudType=Consumer;environment=Prod_WestEurope_x00e;migrationStage=NotStarted}
{"logTime": "1219/083752", "correlationVector":"gcDmlnVZijW2VjznTWVLKh","action":"DoCompareDataConsistency requsted types: ", "result":"Bookmarks, Preferences, Passwords, Typed URLs, Extensions, Extension settings, History Delete Directives, Send Tab To Self, Web Apps, Collection, Edge E Drop, Edge Tab Group, Edge Wallet, Encryption Keys"}
{"logTime": "1219/083752", "correlationVector":"gcDmlnVZijW2VjznTWVLKh.0","action":"CompareDataConsistency result: ", "result":"Compare result: Encryption Keys is consistent. local entities count is: 1 local entities hash is: Dk+X9kSfholfWOH11o/GFSnKs3w="}
{"logTime": "1219/083752", "correlationVector":"gcDmlnVZijW2VjznTWVLKh.1","action":"CompareDataConsistency result: ", "result":"Compare result: Bookmarks is consistent. local entities count is: 650 local entities hash is: +92mgk72RsnuCguCWqILOSUEPQY="}
{"logTime": "1219/083752", "correlationVector":"gcDmlnVZijW2VjznTWVLKh.2","action":"CompareDataConsistency result: ", "result":"Compare result: Preferences is consistent. local entities count is: 105 local entities hash is: CMcsVFUsZCmUnMnsZB8V4qOT2nQ="}
{"logTime": "1219/083752", "correlationVector":"gcDmlnVZijW2VjznTWVLKh.3","action":"CompareDataConsistency result: ", "result":"Server did not send this Typed URLs local entities count is: 100 local entities hash is: OnJsoNXyHJrF072ZYhKEF+qkPnE="}
{"logTime": "1219/083752", "correlationVector":"gcDmlnVZijW2VjznTWVLKh.4","action":"CompareDataConsistency result: ", "result":"Compare result: Extensions is consistent. local entities count is: 22 local entities hash is: VyQI6yJijYJSfFSydeMHO0kYA0E="}
{"logTime": "1219/083752", "correlationVector":"gcDmlnVZijW2VjznTWVLKh.5","action":"CompareDataConsistency result: ", "result":"Compare result: Extension settings is consistent. local entities count is: 19 local entities hash is: XWuvUEkQUz5aCFRZKbVnvP9Ounw="}
{"logTime": "1219/083752", "correlationVector":"gcDmlnVZijW2VjznTWVLKh.6","action":"CompareDataConsistency result: ", "result":"Compare result: History Delete Directives is consistent. local entities count is: 0 local entities hash is: "}
{"logTime": "1219/083752", "correlationVector":"gcDmlnVZijW2VjznTWVLKh.7","action":"CompareDataConsistency result: ", "result":"Server did not send this Send Tab To Self local entities count is: 0 local entities hash is: "}
{"logTime": "1219/083752", "correlationVector":"gcDmlnVZijW2VjznTWVLKh.8","action":"CompareDataConsistency result: ", "result":"Compare result: Web Apps is consistent. local entities count is: 3 local entities hash is: 4Biy4Z6yf6MMypBg1kCQCGJCrGU="}
{"logTime": "1219/083752", "correlationVector":"gcDmlnVZijW2VjznTWVLKh.9","action":"CompareDataConsistency result: ", "result":"Compare result: Collection is consistent. local entities count is: 2 local entities hash is: hWd0m6W4i1EwWzCG8O/DNTC9Qyc="}
{"logTime": "1219/083752", "correlationVector":"gcDmlnVZijW2VjznTWVLKh.10","action":"CompareDataConsistency result: ", "result":"Compare result: Edge E Drop is consistent. local entities count is: 0 local entities hash is: "}
{"logTime": "1219/083752", "correlationVector":"gcDmlnVZijW2VjznTWVLKh.11","action":"CompareDataConsistency result: ", "result":"Compare result: Edge Tab Group is consistent. local entities count is: 3 local entities hash is: skp34cpxncroFQXaE3UFSS+V3Pg="}
{"logTime": "1219/083752", "correlationVector":"gcDmlnVZijW2VjznTWVLKh.12","action":"CompareDataConsistency result: ", "result":"Compare result: Edge Wallet is consistent. local entities count is: 0 local entities hash is: "}
{"logTime": "1219/083752", "correlationVector":"gcDmlnVZijW2VjznTWVLKh.13","action":"CompareDataConsistency result: ", "result":"Compare result: Passwords is consistent. local entities count is: 1086 local entities hash is: r9Hwvx8MQ2BZ1/Qh6FyRxYPtywU="}
{"logTime": "1219/083752", "correlationVector":"","action":"DIAGNOSTIC_REQUEST|v1/diagnosticData/Diagnostic.SendCheckResult()|SUCCESS", "result":""}
{"logTime": "1219/083904", "correlationVector":"alzREL2G8zJ2crzI4LJ7NV.1","action":"SyncServerConnectionManagerRequest", "result":"SYNC_SERVER_OK", "context":{"environment":"Prod_WestEurope_000l", "migrationStage":"NotStarted", "server":"GENERAL0100001A"}}
{"logTime": "1219/083905", "correlationVector":"nuz5rdSwkQPgf32HlC3KVZ","action":"SyncServerConnectionManagerRequest", "result":"SYNC_SERVER_OK", "context":{"environment":"", "migrationStage":"", "server":""}}
{"logTime": "1219/083905", "correlationVector":"alzREL2G8zJ2crzI4LJ7NV","action":"Initial GetUpdates", "result":"", "context":Reason: NEW_CLIENT. cV=alzREL2G8zJ2crzI4LJ7NV}
{"logTime": "1219/083905", "correlationVector":"alzREL2G8zJ2crzI4LJ7NV.2","action":"GetUpdates Response", "result":"Success", "context":Received 1 update(s). cV=alzREL2G8zJ2crzI4LJ7NV.0;server=GENERAL0100001A;cloudType=Consumer;environment=Prod_WestEurope_000l;migrationStage=NotStarted}
{"logTime": "1219/083905", "correlationVector":"Eg0lfqSFLKxFwHqtm2f8SU","action":"Initial GetUpdates", "result":"", "context":Reason: NEWLY_SUPPORTED_DATATYPE. cV=Eg0lfqSFLKxFwHqtm2f8SU}
{"logTime": "1219/083905", "correlationVector":"Eg0lfqSFLKxFwHqtm2f8SU.1","action":"SyncServerConnectionManagerRequest", "result":"SYNC_SERVER_OK", "context":{"environment":"Prod_WestEurope_x00e", "migrationStage":"NotStarted", "server":"GENERAL0200002H"}}
{"logTime": "1219/083905", "correlationVector":"Eg0lfqSFLKxFwHqtm2f8SU.2","action":"GetUpdates Response", "result":"Success", "context":Received 250 update(s). cV=Eg0lfqSFLKxFwHqtm2f8SU.0;server=GENERAL0200002H;cloudType=Consumer;environment=Prod_WestEurope_x00e;migrationStage=NotStarted Some updates remain.}
{"logTime": "1219/083905", "correlationVector":"gCo/9MUenmPt2KjVGUJfp3","action":"Initial GetUpdates", "result":"", "context":Reason: NEWLY_SUPPORTED_DATATYPE. cV=gCo/9MUenmPt2KjVGUJfp3}
{"logTime": "1219/083906", "correlationVector":"gCo/9MUenmPt2KjVGUJfp3.1","action":"SyncServerConnectionManagerRequest", "result":"SYNC_SERVER_OK", "context":{"environment":"Prod_WestEurope_x00e", "migrationStage":"NotStarted", "server":"GENERAL0200000Q"}}
{"logTime": "1219/083906", "correlationVector":"gCo/9MUenmPt2KjVGUJfp3.2","action":"GetUpdates Response", "result":"Success", "context":Received 250 update(s). cV=gCo/9MUenmPt2KjVGUJfp3.0;server=GENERAL0200000Q;cloudType=Consumer;environment=Prod_WestEurope_x00e;migrationStage=NotStarted Some updates remain.}
{"logTime": "1219/083906", "correlationVector":"F+/BD2V+6k3v6XO9U45/Fj","action":"Initial GetUpdates", "result":"", "context":Reason: NEWLY_SUPPORTED_DATATYPE. cV=F+/BD2V+6k3v6XO9U45/Fj}
{"logTime": "1219/083907", "correlationVector":"F+/BD2V+6k3v6XO9U45/Fj.1","action":"SyncServerConnectionManagerRequest", "result":"SYNC_SERVER_OK", "context":{"environment":"Prod_WestEurope_x00e", "migrationStage":"NotStarted", "server":"GENERAL0200000P"}}
{"logTime": "1219/083907", "correlationVector":"F+/BD2V+6k3v6XO9U45/Fj.2","action":"GetUpdates Response", "result":"Success", "context":Received 250 update(s). cV=F+/BD2V+6k3v6XO9U45/Fj.0;server=GENERAL0200000P;cloudType=Consumer;environment=Prod_WestEurope_x00e;migrationStage=NotStarted Some updates remain.}
{"logTime": "1219/083907", "correlationVector":"Vj8bMWUwvjez1TaYj+fPpA","action":"Initial GetUpdates", "result":"", "context":Reason: NEWLY_SUPPORTED_DATATYPE. cV=Vj8bMWUwvjez1TaYj+fPpA}
{"logTime": "1219/083908", "correlationVector":"Vj8bMWUwvjez1TaYj+fPpA.1","action":"SyncServerConnectionManagerRequest", "result":"SYNC_SERVER_OK", "context":{"environment":"Prod_WestEurope_x00e", "migrationStage":"NotStarted", "server":"GENERAL0200000A"}}
{"logTime": "1219/083908", "correlationVector":"Vj8bMWUwvjez1TaYj+fPpA.2","action":"GetUpdates", "result":"DeleteReceived", "context":{"id":"7578e2e3-c00d-4312-887d-c8fae439e878", "isDeleted:":"true", "version":"1729969594241"}}
{"logTime": "1219/083908", "correlationVector":"Vj8bMWUwvjez1TaYj+fPpA.3","action":"GetUpdates", "result":"DeleteReceived", "context":{"id":"c930e166-076f-4d79-80f1-408b79be678d", "isDeleted:":"true", "version":"1729969594247"}}
{"logTime": "1219/083908", "correlationVector":"Vj8bMWUwvjez1TaYj+fPpA.4","action":"GetUpdates", "result":"DeleteReceived", "context":{"id":"1dc949aa-9cb5-40be-a463-f95db87138b0", "isDeleted:":"true", "version":"1729969594249"}}
{"logTime": "1219/083908", "correlationVector":"Vj8bMWUwvjez1TaYj+fPpA.5","action":"GetUpdates Response", "result":"Success", "context":Received 250 update(s). cV=Vj8bMWUwvjez1TaYj+fPpA.0;server=GENERAL0200000A;cloudType=Consumer;environment=Prod_WestEurope_x00e;migrationStage=NotStarted Some updates remain.}
{"logTime": "1219/083908", "correlationVector":"dsCCHH+DisOds8nAGVJKoM","action":"Initial GetUpdates", "result":"", "context":Reason: NEWLY_SUPPORTED_DATATYPE. cV=dsCCHH+DisOds8nAGVJKoM}
{"logTime": "1219/083909", "correlationVector":"dsCCHH+DisOds8nAGVJKoM.1","action":"SyncServerConnectionManagerRequest", "result":"SYNC_SERVER_OK", "context":{"environment":"Prod_NorthEurope_000h", "migrationStage":"NotStarted", "server":"GENERAL01000027"}}
{"logTime": "1219/083909", "correlationVector":"dsCCHH+DisOds8nAGVJKoM.2","action":"GetUpdates Response", "result":"Success", "context":Received 89 update(s). cV=dsCCHH+DisOds8nAGVJKoM.0;server=GENERAL01000027;cloudType=Consumer;environment=Prod_NorthEurope_000h;migrationStage=NotStarted}
{"logTime": "1219/083919", "correlationVector":"shXpIXnMZ+EFu/6kTP+r6Y","action":"Normal GetUpdate request", "result":"", "context":cV=shXpIXnMZ+EFu/6kTP+r6Y
Nudged types: Sessions
Refresh requested types: Bookmarks, Preferences, Passwords, Autofill Profiles, Autofill, Typed URLs, Extensions, Sessions, Extension settings, History Delete Directives, Device Info, User Consents, Send Tab To Self, Web Apps, Collection, Edge E Drop, Edge Hub App Usage, Edge Tab Group, Edge Wallet, Encryption Keys}
{"logTime": "1219/083919", "correlationVector":"shXpIXnMZ+EFu/6kTP+r6Y.1","action":"SyncServerConnectionManagerRequest", "result":"SYNC_SERVER_OK", "context":{"environment":"Prod_WestEurope_x00e", "migrationStage":"NotStarted", "server":"GENERAL02000020"}}
{"logTime": "1219/083919", "correlationVector":"shXpIXnMZ+EFu/6kTP+r6Y.2","action":"GetUpdates Response", "result":"Success", "context":Received 0 update(s). cV=shXpIXnMZ+EFu/6kTP+r6Y.0;server=GENERAL02000020;cloudType=Consumer;environment=Prod_WestEurope_x00e;migrationStage=NotStarted}
{"logTime": "1219/083919", "correlationVector":"I/BJ8IzAAVrxLZ+TtcQoRM","action":"Commit Request", "result":"", "context":Item count: 3
Contributing types: Sessions}
{"logTime": "1219/083920", "correlationVector":"I/BJ8IzAAVrxLZ+TtcQoRM.1","action":"SyncServerConnectionManagerRequest", "result":"SYNC_SERVER_OK", "context":{"environment":"Prod_WestEurope_000l", "migrationStage":"NotStarted", "server":"GENERAL01000012"}}
{"logTime": "1219/083920", "correlationVector":"I/BJ8IzAAVrxLZ+TtcQoRM.2","action":"Commit Response", "result":"Success", "context":Result: Success. cV=I/BJ8IzAAVrxLZ+TtcQoRM.0;server=GENERAL01000012;cloudType=Consumer;environment=Prod_WestEurope_000l;migrationStage=NotStarted}
{"logTime": "1219/084011", "correlationVector":"6TbIGFS93TQIuBlM3oihgK","action":"Commit Request", "result":"", "context":Item count: 40
Contributing types: Passwords}
{"logTime": "1219/084013", "correlationVector":"6TbIGFS93TQIuBlM3oihgK.1","action":"SyncServerConnectionManagerRequest", "result":"SYNC_SERVER_OK", "context":{"environment":"Prod_WestEurope_x00e", "migrationStage":"NotStarted", "server":"GENERAL0200001M"}}
{"logTime": "1219/084013", "correlationVector":"6TbIGFS93TQIuBlM3oihgK.2","action":"Commit Response", "result":"Success", "context":Result: Success. cV=6TbIGFS93TQIuBlM3oihgK.0;server=GENERAL0200001M;cloudType=Consumer;environment=Prod_WestEurope_x00e;migrationStage=NotStarted}
{"logTime": "1219/084013", "correlationVector":"JQ2FRDQ6eer8XzDdZZ5TnL","action":"Commit Request", "result":"", "context":Item count: 40
Contributing types: Passwords}
{"logTime": "1219/084015", "correlationVector":"JQ2FRDQ6eer8XzDdZZ5TnL.1","action":"SyncServerConnectionManagerRequest", "result":"SYNC_SERVER_OK", "context":{"environment":"Prod_WestEurope_x00e", "migrationStage":"NotStarted", "server":"GENERAL0200002U"}}
{"logTime": "1219/084015", "correlationVector":"JQ2FRDQ6eer8XzDdZZ5TnL.2","action":"Commit Response", "result":"Success", "context":Result: Success. cV=JQ2FRDQ6eer8XzDdZZ5TnL.0;server=GENERAL0200002U;cloudType=Consumer;environment=Prod_WestEurope_x00e;migrationStage=NotStarted}
{"logTime": "1219/084015", "correlationVector":"a90jxdesxP1zhcMydDUS81","action":"Commit Request", "result":"", "context":Item count: 40
Contributing types: Passwords}
{"logTime": "1219/084017", "correlationVector":"a90jxdesxP1zhcMydDUS81.1","action":"SyncServerConnectionManagerRequest", "result":"SYNC_SERVER_OK", "context":{"environment":"Prod_WestEurope_000l", "migrationStage":"NotStarted", "server":"GENERAL01000009"}}
{"logTime": "1219/084017", "correlationVector":"a90jxdesxP1zhcMydDUS81.2","action":"Commit Response", "result":"Success", "context":Result: Success. cV=a90jxdesxP1zhcMydDUS81.0;server=GENERAL01000009;cloudType=Consumer;environment=Prod_WestEurope_000l;migrationStage=NotStarted}
{"logTime": "1219/084017", "correlationVector":"hMwrFIYJTPyx5PI45d0mZE","action":"Commit Request", "result":"", "context":Item count: 22
Contributing types: Preferences, Passwords}
{"logTime": "1219/084018", "correlationVector":"hMwrFIYJTPyx5PI45d0mZE.1","action":"SyncServerConnectionManagerRequest", "result":"SYNC_SERVER_OK", "context":{"environment":"Prod_WestEurope_x00e", "migrationStage":"NotStarted", "server":"GENERAL01000012"}}
{"logTime": "1219/084018", "correlationVector":"hMwrFIYJTPyx5PI45d0mZE.2","action":"Commit Response", "result":"Success", "context":Result: Success. cV=hMwrFIYJTPyx5PI45d0mZE.0;server=GENERAL01000012;cloudType=Consumer;environment=Prod_WestEurope_x00e;migrationStage=NotStarted}
{"logTime": "1219/084321", "correlationVector":"eg9423IUp4AJZYQAxhZKT9.1","action":"SyncServerConnectionManagerRequest", "result":"SYNC_SERVER_OK", "context":{"environment":"Prod_WestEurope_x00e", "migrationStage":"NotStarted", "server":"GENERAL0100002L"}}
{"logTime": "1219/084321", "correlationVector":"OuHa3ZKbOVRWi45ruGSn5m","action":"SyncServerConnectionManagerRequest", "result":"SYNC_SERVER_OK", "context":{"environment":"", "migrationStage":"", "server":""}}
{"logTime": "1219/084321", "correlationVector":"eg9423IUp4AJZYQAxhZKT9","action":"Initial GetUpdates", "result":"", "context":Reason: NEW_CLIENT. cV=eg9423IUp4AJZYQAxhZKT9}
{"logTime": "1219/084321", "correlationVector":"eg9423IUp4AJZYQAxhZKT9.2","action":"GetUpdates Response", "result":"Success", "context":Received 1 update(s). cV=eg9423IUp4AJZYQAxhZKT9.0;server=GENERAL0100002L;cloudType=Consumer;environment=Prod_WestEurope_x00e;migrationStage=NotStarted}
{"logTime": "1219/084321", "correlationVector":"gy6797e/5xavdQw9dtgDYU","action":"Initial GetUpdates", "result":"", "context":Reason: NEWLY_SUPPORTED_DATATYPE. cV=gy6797e/5xavdQw9dtgDYU}
{"logTime": "1219/084322", "correlationVector":"gy6797e/5xavdQw9dtgDYU.1","action":"SyncServerConnectionManagerRequest", "result":"SYNC_SERVER_OK", "context":{"environment":"Prod_WestEurope_x00e", "migrationStage":"NotStarted", "server":"GENERAL0200002U"}}
{"logTime": "1219/084322", "correlationVector":"gy6797e/5xavdQw9dtgDYU.2","action":"GetUpdates Response", "result":"Success", "context":Received 250 update(s). cV=gy6797e/5xavdQw9dtgDYU.0;server=GENERAL0200002U;cloudType=Consumer;environment=Prod_WestEurope_x00e;migrationStage=NotStarted Some updates remain.}
{"logTime": "1219/084322", "correlationVector":"UMYjfEQK0swNvB20Ia2VYI","action":"Initial GetUpdates", "result":"", "context":Reason: NEWLY_SUPPORTED_DATATYPE. cV=UMYjfEQK0swNvB20Ia2VYI}
{"logTime": "1219/084323", "correlationVector":"UMYjfEQK0swNvB20Ia2VYI.1","action":"SyncServerConnectionManagerRequest", "result":"SYNC_SERVER_OK", "context":{"environment":"Prod_WestEurope_x00e", "migrationStage":"NotStarted", "server":"GENERAL0100000F"}}
{"logTime": "1219/084323", "correlationVector":"UMYjfEQK0swNvB20Ia2VYI.2","action":"GetUpdates Response", "result":"Success", "context":Received 250 update(s). cV=UMYjfEQK0swNvB20Ia2VYI.0;server=GENERAL0100000F;cloudType=Consumer;environment=Prod_WestEurope_x00e;migrationStage=NotStarted Some updates remain.}
{"logTime": "1219/084323", "correlationVector":"8jxjAnPAab5iz0s4wtWVT3","action":"Initial GetUpdates", "result":"", "context":Reason: NEWLY_SUPPORTED_DATATYPE. cV=8jxjAnPAab5iz0s4wtWVT3}
{"logTime": "1219/084323", "correlationVector":"8jxjAnPAab5iz0s4wtWVT3.1","action":"SyncServerConnectionManagerRequest", "result":"SYNC_SERVER_OK", "context":{"environment":"Prod_WestEurope_000l", "migrationStage":"NotStarted", "server":"GENERAL0100000K"}}
{"logTime": "1219/084323", "correlationVector":"8jxjAnPAab5iz0s4wtWVT3.2","action":"GetUpdates", "result":"DeleteReceived", "context":{"id":"7578e2e3-c00d-4312-887d-c8fae439e878", "isDeleted:":"true", "version":"1729969594241"}}
{"logTime": "1219/084323", "correlationVector":"8jxjAnPAab5iz0s4wtWVT3.3","action":"GetUpdates", "result":"DeleteReceived", "context":{"id":"c930e166-076f-4d79-80f1-408b79be678d", "isDeleted:":"true", "version":"1729969594247"}}
{"logTime": "1219/084323", "correlationVector":"8jxjAnPAab5iz0s4wtWVT3.4","action":"GetUpdates", "result":"DeleteReceived", "context":{"id":"1dc949aa-9cb5-40be-a463-f95db87138b0", "isDeleted:":"true", "version":"1729969594249"}}
{"logTime": "1219/084323", "correlationVector":"8jxjAnPAab5iz0s4wtWVT3.5","action":"GetUpdates Response", "result":"Success", "context":Received 250 update(s). cV=8jxjAnPAab5iz0s4wtWVT3.0;server=GENERAL0100000K;cloudType=Consumer;environment=Prod_WestEurope_000l;migrationStage=NotStarted Some updates remain.}
{"logTime": "1219/084323", "correlationVector":"0tkOjVA4ZSzlbuYSaiz8xr","action":"Initial GetUpdates", "result":"", "context":Reason: NEWLY_SUPPORTED_DATATYPE. cV=0tkOjVA4ZSzlbuYSaiz8xr}
{"logTime": "1219/084324", "correlationVector":"0tkOjVA4ZSzlbuYSaiz8xr.1","action":"SyncServerConnectionManagerRequest", "result":"SYNC_SERVER_OK", "context":{"environment":"Prod_WestEurope_000l", "migrationStage":"NotStarted", "server":"GENERAL0100001H"}}
{"logTime": "1219/084324", "correlationVector":"0tkOjVA4ZSzlbuYSaiz8xr.2","action":"GetUpdates Response", "result":"Success", "context":Received 250 update(s). cV=0tkOjVA4ZSzlbuYSaiz8xr.0;server=GENERAL0100001H;cloudType=Consumer;environment=Prod_WestEurope_000l;migrationStage=NotStarted Some updates remain.}
{"logTime": "1219/084324", "correlationVector":"8b5pPrHArfG3daOVu+v+YV","action":"Initial GetUpdates", "result":"", "context":Reason: NEWLY_SUPPORTED_DATATYPE. cV=8b5pPrHArfG3daOVu+v+YV}
{"logTime": "1219/084324", "correlationVector":"8b5pPrHArfG3daOVu+v+YV.1","action":"SyncServerConnectionManagerRequest", "result":"SYNC_SERVER_OK", "context":{"environment":"Prod_WestEurope_000l", "migrationStage":"NotStarted", "server":"GENERAL0100001H"}}
{"logTime": "1219/084324", "correlationVector":"8b5pPrHArfG3daOVu+v+YV.2","action":"GetUpdates Response", "result":"Success", "context":Received 89 update(s). cV=8b5pPrHArfG3daOVu+v+YV.0;server=GENERAL0100001H;cloudType=Consumer;environment=Prod_WestEurope_000l;migrationStage=NotStarted}
{"logTime": "1219/084329", "correlationVector":"RnM0f4vtGpdr8gDrRyeOCC","action":"Normal GetUpdate request", "result":"", "context":cV=RnM0f4vtGpdr8gDrRyeOCC
Nudged types: Sessions
Refresh requested types: Bookmarks, Preferences, Passwords, Autofill Profiles, Autofill, Typed URLs, Extensions, Sessions, Extension settings, History Delete Directives, Device Info, User Consents, Send Tab To Self, Web Apps, Collection, Edge E Drop, Edge Hub App Usage, Edge Tab Group, Edge Wallet, Encryption Keys}
{"logTime": "1219/084332", "correlationVector":"RnM0f4vtGpdr8gDrRyeOCC.1","action":"SyncServerConnectionManagerRequest", "result":"SYNC_SERVER_OK", "context":{"environment":"Prod_WestEurope_000l", "migrationStage":"NotStarted", "server":"GENERAL01000008"}}
{"logTime": "1219/084332", "correlationVector":"RnM0f4vtGpdr8gDrRyeOCC.2","action":"GetUpdates", "result":"DeleteReceived", "context":{"id":"221172e3-9c91-469b-8030-21a268cfa223", "isDeleted:":"true", "version":"1734597716779"}}
{"logTime": "1219/084332", "correlationVector":"RnM0f4vtGpdr8gDrRyeOCC.3","action":"GetUpdates Response", "result":"Success", "context":Received 4 update(s). cV=RnM0f4vtGpdr8gDrRyeOCC.0;server=GENERAL01000008;cloudType=Consumer;environment=Prod_WestEurope_000l;migrationStage=NotStarted}
{"logTime": "1219/084332", "correlationVector":"Faa6y89QUkHmQQpO1vuI02","action":"DoCompareDataConsistency requsted types: ", "result":"Bookmarks, Preferences, Passwords, Typed URLs, Extensions, Extension settings, History Delete Directives, Send Tab To Self, Web Apps, Collection, Edge E Drop, Edge Tab Group, Edge Wallet, Encryption Keys"}
{"logTime": "1219/084332", "correlationVector":"Faa6y89QUkHmQQpO1vuI02.0","action":"CompareDataConsistency result: ", "result":"Compare result: Encryption Keys is consistent. local entities count is: 1 local entities hash is: Dk+X9kSfholfWOH11o/GFSnKs3w="}
{"logTime": "1219/084332", "correlationVector":"Faa6y89QUkHmQQpO1vuI02.1","action":"CompareDataConsistency result: ", "result":"Compare result: Bookmarks is consistent. local entities count is: 650 local entities hash is: +92mgk72RsnuCguCWqILOSUEPQY="}
{"logTime": "1219/084332", "correlationVector":"Faa6y89QUkHmQQpO1vuI02.2","action":"CompareDataConsistency result: ", "result":"Compare result: Preferences is consistent. local entities count is: 105 local entities hash is: uXaFr2VbjSyuGBLN6QX8CHOjitY="}
{"logTime": "1219/084332", "correlationVector":"Faa6y89QUkHmQQpO1vuI02.3","action":"CompareDataConsistency result: ", "result":"Server did not send this Typed URLs local entities count is: 100 local entities hash is: OnJsoNXyHJrF072ZYhKEF+qkPnE="}
{"logTime": "1219/084332", "correlationVector":"Faa6y89QUkHmQQpO1vuI02.4","action":"CompareDataConsistency result: ", "result":"Compare result: Extensions is consistent. local entities count is: 22 local entities hash is: VyQI6yJijYJSfFSydeMHO0kYA0E="}
{"logTime": "1219/084332", "correlationVector":"Faa6y89QUkHmQQpO1vuI02.5","action":"CompareDataConsistency result: ", "result":"Compare result: Extension settings is consistent. local entities count is: 19 local entities hash is: XWuvUEkQUz5aCFRZKbVnvP9Ounw="}
{"logTime": "1219/084332", "correlationVector":"Faa6y89QUkHmQQpO1vuI02.6","action":"CompareDataConsistency result: ", "result":"Compare result: History Delete Directives is consistent. local entities count is: 0 local entities hash is: "}
{"logTime": "1219/084332", "correlationVector":"Faa6y89QUkHmQQpO1vuI02.7","action":"CompareDataConsistency result: ", "result":"Server did not send this Send Tab To Self local entities count is: 0 local entities hash is: "}
{"logTime": "1219/084332", "correlationVector":"Faa6y89QUkHmQQpO1vuI02.8","action":"CompareDataConsistency result: ", "result":"Compare result: Web Apps is consistent. local entities count is: 3 local entities hash is: 4Biy4Z6yf6MMypBg1kCQCGJCrGU="}
{"logTime": "1219/084332", "correlationVector":"Faa6y89QUkHmQQpO1vuI02.9","action":"CompareDataConsistency result: ", "result":"Compare result: Collection is consistent. local entities count is: 2 local entities hash is: hWd0m6W4i1EwWzCG8O/DNTC9Qyc="}
{"logTime": "1219/084332", "correlationVector":"Faa6y89QUkHmQQpO1vuI02.10","action":"CompareDataConsistency result: ", "result":"Compare result: Edge E Drop is consistent. local entities count is: 0 local entities hash is: "}
{"logTime": "1219/084332", "correlationVector":"Faa6y89QUkHmQQpO1vuI02.11","action":"CompareDataConsistency result: ", "result":"Compare result: Edge Tab Group is consistent. local entities count is: 3 local entities hash is: skp34cpxncroFQXaE3UFSS+V3Pg="}
{"logTime": "1219/084332", "correlationVector":"Faa6y89QUkHmQQpO1vuI02.12","action":"CompareDataConsistency result: ", "result":"Compare result: Edge Wallet is consistent. local entities count is: 0 local entities hash is: "}
{"logTime": "1219/084332", "correlationVector":"Faa6y89QUkHmQQpO1vuI02.13","action":"CompareDataConsistency result: ", "result":"Compare result: Passwords is consistent. local entities count is: 1086 local entities hash is: BOwOC3LKtG32f28kk0Hi42RUxnA="}
{"logTime": "1219/084332", "correlationVector":"","action":"DIAGNOSTIC_REQUEST|v1/diagnosticData/Diagnostic.SendCheckResult()|SUCCESS", "result":""}
{"logTime": "1219/084838", "correlationVector":"wyEEKOHGx4XoksH1a9k5lY.1","action":"SyncServerConnectionManagerRequest", "result":"SYNC_SERVER_OK", "context":{"environment":"Prod_NorthEurope_000h", "migrationStage":"NotStarted", "server":"GENERAL0100001P"}}
{"logTime": "1219/084838", "correlationVector":"djJGfLppAFxAqaX9rCuGwo","action":"SyncServerConnectionManagerRequest", "result":"SYNC_SERVER_OK", "context":{"environment":"", "migrationStage":"", "server":""}}
{"logTime": "1219/084838", "correlationVector":"wyEEKOHGx4XoksH1a9k5lY","action":"Initial GetUpdates", "result":"", "context":Reason: NEW_CLIENT. cV=wyEEKOHGx4XoksH1a9k5lY}
{"logTime": "1219/084838", "correlationVector":"wyEEKOHGx4XoksH1a9k5lY.2","action":"GetUpdates Response", "result":"Success", "context":Received 1 update(s). cV=wyEEKOHGx4XoksH1a9k5lY.0;server=GENERAL0100001P;cloudType=Consumer;environment=Prod_NorthEurope_000h;migrationStage=NotStarted}
{"logTime": "1219/084838", "correlationVector":"yVWgJ7pvESJrLwkECohTrp","action":"Initial GetUpdates", "result":"", "context":Reason: NEWLY_SUPPORTED_DATATYPE. cV=yVWgJ7pvESJrLwkECohTrp}
{"logTime": "1219/084839", "correlationVector":"yVWgJ7pvESJrLwkECohTrp.1","action":"SyncServerConnectionManagerRequest", "result":"SYNC_SERVER_OK", "context":{"environment":"Prod_NorthEurope_000h", "migrationStage":"NotStarted", "server":"GENERAL0100000Y"}}
{"logTime": "1219/084839", "correlationVector":"yVWgJ7pvESJrLwkECohTrp.2","action":"GetUpdates Response", "result":"Success", "context":Received 250 update(s). cV=yVWgJ7pvESJrLwkECohTrp.0;server=GENERAL0100000Y;cloudType=Consumer;environment=Prod_NorthEurope_000h;migrationStage=NotStarted Some updates remain.}
{"logTime": "1219/084839", "correlationVector":"Q027BPGszfsN+Yy8eVZFDc","action":"Initial GetUpdates", "result":"", "context":Reason: NEWLY_SUPPORTED_DATATYPE. cV=Q027BPGszfsN+Yy8eVZFDc}
{"logTime": "1219/084839", "correlationVector":"Q027BPGszfsN+Yy8eVZFDc.1","action":"SyncServerConnectionManagerRequest", "result":"SYNC_SERVER_OK", "context":{"environment":"Prod_WestEurope_x00e", "migrationStage":"NotStarted", "server":"GENERAL01000022"}}
{"logTime": "1219/084839", "correlationVector":"Q027BPGszfsN+Yy8eVZFDc.2","action":"GetUpdates Response", "result":"Success", "context":Received 250 update(s). cV=Q027BPGszfsN+Yy8eVZFDc.0;server=GENERAL01000022;cloudType=Consumer;environment=Prod_WestEurope_x00e;migrationStage=NotStarted Some updates remain.}
{"logTime": "1219/084839", "correlationVector":"3pHUn+HXHGaA4oBmF3EIsE","action":"Initial GetUpdates", "result":"", "context":Reason: NEWLY_SUPPORTED_DATATYPE. cV=3pHUn+HXHGaA4oBmF3EIsE}
{"logTime": "1219/084840", "correlationVector":"3pHUn+HXHGaA4oBmF3EIsE.1","action":"SyncServerConnectionManagerRequest", "result":"SYNC_SERVER_OK", "context":{"environment":"Prod_WestEurope_x00e", "migrationStage":"NotStarted", "server":"GENERAL02000006"}}
{"logTime": "1219/084840", "correlationVector":"3pHUn+HXHGaA4oBmF3EIsE.2","action":"GetUpdates", "result":"DeleteReceived", "context":{"id":"7578e2e3-c00d-4312-887d-c8fae439e878", "isDeleted:":"true", "version":"1729969594241"}}
{"logTime": "1219/084840", "correlationVector":"3pHUn+HXHGaA4oBmF3EIsE.3","action":"GetUpdates", "result":"DeleteReceived", "context":{"id":"c930e166-076f-4d79-80f1-408b79be678d", "isDeleted:":"true", "version":"1729969594247"}}
{"logTime": "1219/084840", "correlationVector":"3pHUn+HXHGaA4oBmF3EIsE.4","action":"GetUpdates", "result":"DeleteReceived", "context":{"id":"1dc949aa-9cb5-40be-a463-f95db87138b0", "isDeleted:":"true", "version":"1729969594249"}}
{"logTime": "1219/084840", "correlationVector":"3pHUn+HXHGaA4oBmF3EIsE.5","action":"GetUpdates Response", "result":"Success", "context":Received 250 update(s). cV=3pHUn+HXHGaA4oBmF3EIsE.0;server=GENERAL02000006;cloudType=Consumer;environment=Prod_WestEurope_x00e;migrationStage=NotStarted Some updates remain.}
{"logTime": "1219/084840", "correlationVector":"S9gtMK+DCKQKIBwLNAJdgq","action":"Initial GetUpdates", "result":"", "context":Reason: NEWLY_SUPPORTED_DATATYPE. cV=S9gtMK+DCKQKIBwLNAJdgq}
{"logTime": "1219/084840", "correlationVector":"S9gtMK+DCKQKIBwLNAJdgq.1","action":"SyncServerConnectionManagerRequest", "result":"SYNC_SERVER_OK", "context":{"environment":"Prod_NorthEurope_000h", "migrationStage":"NotStarted", "server":"GENERAL0100002F"}}
{"logTime": "1219/084840", "correlationVector":"S9gtMK+DCKQKIBwLNAJdgq.2","action":"GetUpdates Response", "result":"Success", "context":Received 250 update(s). cV=S9gtMK+DCKQKIBwLNAJdgq.0;server=GENERAL0100002F;cloudType=Consumer;environment=Prod_NorthEurope_000h;migrationStage=NotStarted Some updates remain.}
{"logTime": "1219/084840", "correlationVector":"OAGxZoxnIw1Jp+RS4dDhXS","action":"Initial GetUpdates", "result":"", "context":Reason: NEWLY_SUPPORTED_DATATYPE. cV=OAGxZoxnIw1Jp+RS4dDhXS}
{"logTime": "1219/084841", "correlationVector":"OAGxZoxnIw1Jp+RS4dDhXS.1","action":"SyncServerConnectionManagerRequest", "result":"SYNC_SERVER_OK", "context":{"environment":"Prod_WestEurope_x00e", "migrationStage":"NotStarted", "server":"GENERAL0200002X"}}
{"logTime": "1219/084841", "correlationVector":"OAGxZoxnIw1Jp+RS4dDhXS.2","action":"GetUpdates Response", "result":"Success", "context":Received 89 update(s). cV=OAGxZoxnIw1Jp+RS4dDhXS.0;server=GENERAL0200002X;cloudType=Consumer;environment=Prod_WestEurope_x00e;migrationStage=NotStarted}
{"logTime": "1219/084849", "correlationVector":"6T+H3rbR8Ucj00N45BEc02","action":"Normal GetUpdate request", "result":"", "context":cV=6T+H3rbR8Ucj00N45BEc02
Nudged types: Sessions
Refresh requested types: Bookmarks, Preferences, Passwords, Autofill Profiles, Autofill, Typed URLs, Extensions, Sessions, Extension settings, History Delete Directives, Device Info, User Consents, Send Tab To Self, Web Apps, Collection, Edge E Drop, Edge Hub App Usage, Edge Tab Group, Edge Wallet, Encryption Keys}
{"logTime": "1219/084849", "correlationVector":"6T+H3rbR8Ucj00N45BEc02.1","action":"SyncServerConnectionManagerRequest", "result":"SYNC_SERVER_OK", "context":{"environment":"Prod_NorthEurope_000h", "migrationStage":"NotStarted", "server":"GENERAL0100001P"}}
{"logTime": "1219/084849", "correlationVector":"6T+H3rbR8Ucj00N45BEc02.2","action":"GetUpdates Response", "result":"Success", "context":Received 0 update(s). cV=6T+H3rbR8Ucj00N45BEc02.0;server=GENERAL0100001P;cloudType=Consumer;environment=Prod_NorthEurope_000h;migrationStage=NotStarted}
{"logTime": "1219/084849", "correlationVector":"thIlOisoyoIDUVtoGzoXrY","action":"Commit Request", "result":"", "context":Item count: 3
Contributing types: Sessions}
{"logTime": "1219/084849", "correlationVector":"thIlOisoyoIDUVtoGzoXrY.1","action":"SyncServerConnectionManagerRequest", "result":"SYNC_SERVER_OK", "context":{"environment":"Prod_WestEurope_000l", "migrationStage":"NotStarted", "server":"general0100000E"}}
{"logTime": "1219/084849", "correlationVector":"thIlOisoyoIDUVtoGzoXrY.2","action":"Commit Response", "result":"Success", "context":Result: Success. cV=thIlOisoyoIDUVtoGzoXrY.0;server=general0100000E;cloudType=Consumer;environment=Prod_WestEurope_000l;migrationStage=NotStarted}
{"logTime": "1219/084948", "correlationVector":"Q4yz8MM8Xz+O43lT2flZAQ","action":"Commit Request", "result":"", "context":Item count: 2
Contributing types: Preferences, Sessions}
{"logTime": "1219/084949", "correlationVector":"Q4yz8MM8Xz+O43lT2flZAQ.1","action":"SyncServerConnectionManagerRequest", "result":"SYNC_SERVER_OK", "context":{"environment":"Prod_WestEurope_x00e", "migrationStage":"NotStarted", "server":"GENERAL0200002A"}}
{"logTime": "1219/084949", "correlationVector":"Q4yz8MM8Xz+O43lT2flZAQ.2","action":"Commit Response", "result":"Success", "context":Result: Success. cV=Q4yz8MM8Xz+O43lT2flZAQ.0;server=GENERAL0200002A;cloudType=Consumer;environment=Prod_WestEurope_x00e;migrationStage=NotStarted}
{"logTime": "1219/084949", "correlationVector":"Q4yz8MM8Xz+O43lT2flZAQ.3","action":"Commit.Sessions", "result":"Success", "context":{"id":"7a2eb3fe-1457-4472-b6a1-b8fc4f30128e", "isDeleted":"true", "size":"0", "version":"1734598125459"}}
{"logTime": "1219/085333", "correlationVector":"Q8tcbgJe4MnLB7TVC0SHUy.1","action":"SyncServerConnectionManagerRequest", "result":"SYNC_SERVER_OK", "context":{"environment":"Prod_NorthEurope_000h", "migrationStage":"NotStarted", "server":"GENERAL0100001I"}}
{"logTime": "1219/085333", "correlationVector":"y5dclM0WTyuvbjxM/vFi9O","action":"SyncServerConnectionManagerRequest", "result":"SYNC_SERVER_OK", "context":{"environment":"", "migrationStage":"", "server":""}}
{"logTime": "1219/085333", "correlationVector":"Q8tcbgJe4MnLB7TVC0SHUy","action":"Initial GetUpdates", "result":"", "context":Reason: NEW_CLIENT. cV=Q8tcbgJe4MnLB7TVC0SHUy}
{"logTime": "1219/085333", "correlationVector":"Q8tcbgJe4MnLB7TVC0SHUy.2","action":"GetUpdates Response", "result":"Success", "context":Received 1 update(s). cV=Q8tcbgJe4MnLB7TVC0SHUy.0;server=GENERAL0100001I;cloudType=Consumer;environment=Prod_NorthEurope_000h;migrationStage=NotStarted}
{"logTime": "1219/085333", "correlationVector":"rdrQCsqS62HZWtvxJDBPxa","action":"Initial GetUpdates", "result":"", "context":Reason: NEWLY_SUPPORTED_DATATYPE. cV=rdrQCsqS62HZWtvxJDBPxa}
{"logTime": "1219/085333", "correlationVector":"rdrQCsqS62HZWtvxJDBPxa.1","action":"SyncServerConnectionManagerRequest", "result":"SYNC_SERVER_OK", "context":{"environment":"Prod_WestEurope_000l", "migrationStage":"NotStarted", "server":"GENERAL0100000R"}}
{"logTime": "1219/085334", "correlationVector":"rdrQCsqS62HZWtvxJDBPxa.2","action":"GetUpdates Response", "result":"Success", "context":Received 250 update(s). cV=rdrQCsqS62HZWtvxJDBPxa.0;server=GENERAL0100000R;cloudType=Consumer;environment=Prod_WestEurope_000l;migrationStage=NotStarted Some updates remain.}
{"logTime": "1219/085334", "correlationVector":"fe6IrkOqVTAM8ZxGINk7bu","action":"Initial GetUpdates", "result":"", "context":Reason: NEWLY_SUPPORTED_DATATYPE. cV=fe6IrkOqVTAM8ZxGINk7bu}
{"logTime": "1219/085334", "correlationVector":"fe6IrkOqVTAM8ZxGINk7bu.1","action":"SyncServerConnectionManagerRequest", "result":"SYNC_SERVER_OK", "context":{"environment":"Prod_WestEurope_x00e", "migrationStage":"NotStarted", "server":"GENERAL01000014"}}
{"logTime": "1219/085334", "correlationVector":"fe6IrkOqVTAM8ZxGINk7bu.2","action":"GetUpdates Response", "result":"Success", "context":Received 250 update(s). cV=fe6IrkOqVTAM8ZxGINk7bu.0;server=GENERAL01000014;cloudType=Consumer;environment=Prod_WestEurope_x00e;migrationStage=NotStarted Some updates remain.}
{"logTime": "1219/085334", "correlationVector":"3lxzVNC7wJpLO78TOyMqFr","action":"Initial GetUpdates", "result":"", "context":Reason: NEWLY_SUPPORTED_DATATYPE. cV=3lxzVNC7wJpLO78TOyMqFr}
{"logTime": "1219/085335", "correlationVector":"3lxzVNC7wJpLO78TOyMqFr.1","action":"SyncServerConnectionManagerRequest", "result":"SYNC_SERVER_OK", "context":{"environment":"Prod_WestEurope_x00e", "migrationStage":"NotStarted", "server":"GENERAL01000007"}}
{"logTime": "1219/085335", "correlationVector":"3lxzVNC7wJpLO78TOyMqFr.2","action":"GetUpdates", "result":"DeleteReceived", "context":{"id":"7578e2e3-c00d-4312-887d-c8fae439e878", "isDeleted:":"true", "version":"1729969594241"}}
{"logTime": "1219/085335", "correlationVector":"3lxzVNC7wJpLO78TOyMqFr.3","action":"GetUpdates", "result":"DeleteReceived", "context":{"id":"c930e166-076f-4d79-80f1-408b79be678d", "isDeleted:":"true", "version":"1729969594247"}}
{"logTime": "1219/085335", "correlationVector":"3lxzVNC7wJpLO78TOyMqFr.4","action":"GetUpdates", "result":"DeleteReceived", "context":{"id":"1dc949aa-9cb5-40be-a463-f95db87138b0", "isDeleted:":"true", "version":"1729969594249"}}
{"logTime": "1219/085335", "correlationVector":"3lxzVNC7wJpLO78TOyMqFr.5","action":"GetUpdates Response", "result":"Success", "context":Received 250 update(s). cV=3lxzVNC7wJpLO78TOyMqFr.0;server=GENERAL01000007;cloudType=Consumer;environment=Prod_WestEurope_x00e;migrationStage=NotStarted Some updates remain.}
{"logTime": "1219/085335", "correlationVector":"T4yYQNH0OtiwmDir6WYILS","action":"Initial GetUpdates", "result":"", "context":Reason: NEWLY_SUPPORTED_DATATYPE. cV=T4yYQNH0OtiwmDir6WYILS}
{"logTime": "1219/085335", "correlationVector":"T4yYQNH0OtiwmDir6WYILS.1","action":"SyncServerConnectionManagerRequest", "result":"SYNC_SERVER_OK", "context":{"environment":"Prod_WestEurope_000l", "migrationStage":"NotStarted", "server":"GENERAL0100000L"}}
{"logTime": "1219/085335", "correlationVector":"T4yYQNH0OtiwmDir6WYILS.2","action":"GetUpdates Response", "result":"Success", "context":Received 250 update(s). cV=T4yYQNH0OtiwmDir6WYILS.0;server=GENERAL0100000L;cloudType=Consumer;environment=Prod_WestEurope_000l;migrationStage=NotStarted Some updates remain.}
{"logTime": "1219/085335", "correlationVector":"5v3o41btDl75cfMwG+xVZc","action":"Initial GetUpdates", "result":"", "context":Reason: NEWLY_SUPPORTED_DATATYPE. cV=5v3o41btDl75cfMwG+xVZc}
{"logTime": "1219/085335", "correlationVector":"5v3o41btDl75cfMwG+xVZc.1","action":"SyncServerConnectionManagerRequest", "result":"SYNC_SERVER_OK", "context":{"environment":"Prod_WestEurope_x00e", "migrationStage":"NotStarted", "server":"GENERAL0200001B"}}
{"logTime": "1219/085335", "correlationVector":"5v3o41btDl75cfMwG+xVZc.2","action":"GetUpdates Response", "result":"Success", "context":Received 89 update(s). cV=5v3o41btDl75cfMwG+xVZc.0;server=GENERAL0200001B;cloudType=Consumer;environment=Prod_WestEurope_x00e;migrationStage=NotStarted}
{"logTime": "1219/085343", "correlationVector":"cJ2XqmiJv2ywzLwIu/dnvd","action":"Normal GetUpdate request", "result":"", "context":cV=cJ2XqmiJv2ywzLwIu/dnvd
Nudged types: Sessions
Refresh requested types: Bookmarks, Preferences, Passwords, Autofill Profiles, Autofill, Typed URLs, Extensions, Sessions, Extension settings, History Delete Directives, Device Info, User Consents, Send Tab To Self, Web Apps, Collection, Edge E Drop, Edge Hub App Usage, Edge Tab Group, Edge Wallet, Encryption Keys}
{"logTime": "1219/085344", "correlationVector":"cJ2XqmiJv2ywzLwIu/dnvd.1","action":"SyncServerConnectionManagerRequest", "result":"SYNC_SERVER_OK", "context":{"environment":"Prod_NorthEurope_000h", "migrationStage":"NotStarted", "server":"GENERAL01000017"}}
{"logTime": "1219/085344", "correlationVector":"cJ2XqmiJv2ywzLwIu/dnvd.2","action":"GetUpdates", "result":"DeleteReceived", "context":{"id":"7a2eb3fe-1457-4472-b6a1-b8fc4f30128e", "isDeleted:":"true", "version":"1734598185034"}}
{"logTime": "1219/085344", "correlationVector":"cJ2XqmiJv2ywzLwIu/dnvd.3","action":"GetUpdates Response", "result":"Success", "context":Received 5 update(s). cV=cJ2XqmiJv2ywzLwIu/dnvd.0;server=GENERAL01000017;cloudType=Consumer;environment=Prod_NorthEurope_000h;migrationStage=NotStarted}
{"logTime": "1219/085344", "correlationVector":"IeuZgGB1IhNMyuRQwuel9m","action":"Commit Request", "result":"", "context":Item count: 3
Contributing types: Sessions}
{"logTime": "1219/085344", "correlationVector":"IeuZgGB1IhNMyuRQwuel9m.1","action":"SyncServerConnectionManagerRequest", "result":"SYNC_SERVER_OK", "context":{"environment":"Prod_NorthEurope_000h", "migrationStage":"NotStarted", "server":"general0100001E"}}
{"logTime": "1219/085344", "correlationVector":"IeuZgGB1IhNMyuRQwuel9m.3","action":"Commit.Sessions", "result":"Success", "context":{"id":"95b27246-a17e-46a6-a629-e8510a72b8ce", "isDeleted":"true", "size":"0", "version":"1734598125458"}}
{"logTime": "1219/085344", "correlationVector":"IeuZgGB1IhNMyuRQwuel9m.2","action":"Commit Response", "result":"Success", "context":Result: Success. cV=IeuZgGB1IhNMyuRQwuel9m.0;server=general0100001E;cloudType=Consumer;environment=Prod_NorthEurope_000h;migrationStage=NotStarted}
{"logTime": "1219/085703", "correlationVector":"7hS7MAgi95XDxiUzBdQIzc.1","action":"SyncServerConnectionManagerRequest", "result":"SYNC_SERVER_OK", "context":{"environment":"Prod_WestEurope_x00e", "migrationStage":"NotStarted", "server":"GENERAL02000006"}}
{"logTime": "1219/085704", "correlationVector":"M1dzgM+IoXaCBa7j/ZR1dC","action":"SyncServerConnectionManagerRequest", "result":"SYNC_SERVER_OK", "context":{"environment":"", "migrationStage":"", "server":""}}
{"logTime": "1219/085704", "correlationVector":"7hS7MAgi95XDxiUzBdQIzc","action":"Initial GetUpdates", "result":"", "context":Reason: NEW_CLIENT. cV=7hS7MAgi95XDxiUzBdQIzc}
{"logTime": "1219/085704", "correlationVector":"7hS7MAgi95XDxiUzBdQIzc.2","action":"GetUpdates Response", "result":"Success", "context":Received 1 update(s). cV=7hS7MAgi95XDxiUzBdQIzc.0;server=GENERAL02000006;cloudType=Consumer;environment=Prod_WestEurope_x00e;migrationStage=NotStarted}
{"logTime": "1219/085704", "correlationVector":"yFB+jcVQ/YPEFRdPVkHRNR","action":"Initial GetUpdates", "result":"", "context":Reason: NEWLY_SUPPORTED_DATATYPE. cV=yFB+jcVQ/YPEFRdPVkHRNR}
{"logTime": "1219/085704", "correlationVector":"yFB+jcVQ/YPEFRdPVkHRNR.1","action":"SyncServerConnectionManagerRequest", "result":"SYNC_SERVER_OK", "context":{"environment":"Prod_WestEurope_x00e", "migrationStage":"NotStarted", "server":"GENERAL01000012"}}
{"logTime": "1219/085704", "correlationVector":"yFB+jcVQ/YPEFRdPVkHRNR.2","action":"GetUpdates Response", "result":"Success", "context":Received 250 update(s). cV=yFB+jcVQ/YPEFRdPVkHRNR.0;server=GENERAL01000012;cloudType=Consumer;environment=Prod_WestEurope_x00e;migrationStage=NotStarted Some updates remain.}
{"logTime": "1219/085704", "correlationVector":"MLtzXdmCDzLaYKjYweK4E+","action":"Initial GetUpdates", "result":"", "context":Reason: NEWLY_SUPPORTED_DATATYPE. cV=MLtzXdmCDzLaYKjYweK4E+}
{"logTime": "1219/085705", "correlationVector":"MLtzXdmCDzLaYKjYweK4E+.1","action":"SyncServerConnectionManagerRequest", "result":"SYNC_SERVER_OK", "context":{"environment":"Prod_WestEurope_x00e", "migrationStage":"NotStarted", "server":"GENERAL0100002I"}}
{"logTime": "1219/085705", "correlationVector":"MLtzXdmCDzLaYKjYweK4E+.2","action":"GetUpdates Response", "result":"Success", "context":Received 250 update(s). cV=MLtzXdmCDzLaYKjYweK4E+.0;server=GENERAL0100002I;cloudType=Consumer;environment=Prod_WestEurope_x00e;migrationStage=NotStarted Some updates remain.}
{"logTime": "1219/085705", "correlationVector":"1sHZeqDKfCCNuo8ZBZJ4FX","action":"Initial GetUpdates", "result":"", "context":Reason: NEWLY_SUPPORTED_DATATYPE. cV=1sHZeqDKfCCNuo8ZBZJ4FX}
{"logTime": "1219/085706", "correlationVector":"1sHZeqDKfCCNuo8ZBZJ4FX.1","action":"SyncServerConnectionManagerRequest", "result":"SYNC_SERVER_OK", "context":{"environment":"Prod_WestEurope_x00e", "migrationStage":"NotStarted", "server":"GENERAL0200002X"}}
{"logTime": "1219/085706", "correlationVector":"1sHZeqDKfCCNuo8ZBZJ4FX.2","action":"GetUpdates", "result":"DeleteReceived", "context":{"id":"7578e2e3-c00d-4312-887d-c8fae439e878", "isDeleted:":"true", "version":"1729969594241"}}
{"logTime": "1219/085706", "correlationVector":"1sHZeqDKfCCNuo8ZBZJ4FX.3","action":"GetUpdates", "result":"DeleteReceived", "context":{"id":"c930e166-076f-4d79-80f1-408b79be678d", "isDeleted:":"true", "version":"1729969594247"}}
{"logTime": "1219/085706", "correlationVector":"1sHZeqDKfCCNuo8ZBZJ4FX.4","action":"GetUpdates", "result":"DeleteReceived", "context":{"id":"1dc949aa-9cb5-40be-a463-f95db87138b0", "isDeleted:":"true", "version":"1729969594249"}}
{"logTime": "1219/085706", "correlationVector":"1sHZeqDKfCCNuo8ZBZJ4FX.5","action":"GetUpdates Response", "result":"Success", "context":Received 250 update(s). cV=1sHZeqDKfCCNuo8ZBZJ4FX.0;server=GENERAL0200002X;cloudType=Consumer;environment=Prod_WestEurope_x00e;migrationStage=NotStarted Some updates remain.}
{"logTime": "1219/085706", "correlationVector":"Uc1RcqsRwuov2vQyQnCfKE","action":"Initial GetUpdates", "result":"", "context":Reason: NEWLY_SUPPORTED_DATATYPE. cV=Uc1RcqsRwuov2vQyQnCfKE}
{"logTime": "1219/085706", "correlationVector":"Uc1RcqsRwuov2vQyQnCfKE.1","action":"SyncServerConnectionManagerRequest", "result":"SYNC_SERVER_OK", "context":{"environment":"Prod_WestEurope_000l", "migrationStage":"NotStarted", "server":"GENERAL01000000"}}
{"logTime": "1219/085706", "correlationVector":"Uc1RcqsRwuov2vQyQnCfKE.2","action":"GetUpdates Response", "result":"Success", "context":Received 250 update(s). cV=Uc1RcqsRwuov2vQyQnCfKE.0;server=GENERAL01000000;cloudType=Consumer;environment=Prod_WestEurope_000l;migrationStage=NotStarted Some updates remain.}
{"logTime": "1219/085706", "correlationVector":"/Wawg8BRrQC29jTKxARrfy","action":"Initial GetUpdates", "result":"", "context":Reason: NEWLY_SUPPORTED_DATATYPE. cV=/Wawg8BRrQC29jTKxARrfy}
{"logTime": "1219/085706", "correlationVector":"/Wawg8BRrQC29jTKxARrfy.1","action":"SyncServerConnectionManagerRequest", "result":"SYNC_SERVER_OK", "context":{"environment":"Prod_WestEurope_x00e", "migrationStage":"NotStarted", "server":"GENERAL0100000D"}}
{"logTime": "1219/085706", "correlationVector":"/Wawg8BRrQC29jTKxARrfy.2","action":"GetUpdates Response", "result":"Success", "context":Received 89 update(s). cV=/Wawg8BRrQC29jTKxARrfy.0;server=GENERAL0100000D;cloudType=Consumer;environment=Prod_WestEurope_x00e;migrationStage=NotStarted}
{"logTime": "1219/085714", "correlationVector":"VjdZ1gpL/EyuEyx+HgrJU4","action":"Normal GetUpdate request", "result":"", "context":cV=VjdZ1gpL/EyuEyx+HgrJU4
Nudged types: Sessions
Refresh requested types: Bookmarks, Preferences, Passwords, Autofill Profiles, Autofill, Typed URLs, Extensions, Sessions, Extension settings, History Delete Directives, Device Info, User Consents, Send Tab To Self, Web Apps, Collection, Edge E Drop, Edge Hub App Usage, Edge Tab Group, Edge Wallet, Encryption Keys}
{"logTime": "1219/085714", "correlationVector":"VjdZ1gpL/EyuEyx+HgrJU4.1","action":"SyncServerConnectionManagerRequest", "result":"SYNC_SERVER_OK", "context":{"environment":"Prod_WestEurope_000l", "migrationStage":"NotStarted", "server":"GENERAL01000019"}}
{"logTime": "1219/085714", "correlationVector":"VjdZ1gpL/EyuEyx+HgrJU4.2","action":"GetUpdates", "result":"DeleteReceived", "context":{"id":"95b27246-a17e-46a6-a629-e8510a72b8ce", "isDeleted:":"true", "version":"1734598420362"}}
{"logTime": "1219/085714", "correlationVector":"VjdZ1gpL/EyuEyx+HgrJU4.3","action":"GetUpdates Response", "result":"Success", "context":Received 3 update(s). cV=VjdZ1gpL/EyuEyx+HgrJU4.0;server=GENERAL01000019;cloudType=Consumer;environment=Prod_WestEurope_000l;migrationStage=NotStarted}
{"logTime": "1219/085714", "correlationVector":"Y0R0efdcybS2JIakz6Uaq6","action":"Commit Request", "result":"", "context":Item count: 3
Contributing types: Sessions}
{"logTime": "1219/085714", "correlationVector":"Y0R0efdcybS2JIakz6Uaq6.1","action":"SyncServerConnectionManagerRequest", "result":"SYNC_SERVER_OK", "context":{"environment":"Prod_WestEurope_x00e", "migrationStage":"NotStarted", "server":"GENERAL0100001D"}}
{"logTime": "1219/085714", "correlationVector":"Y0R0efdcybS2JIakz6Uaq6.3","action":"Commit.Sessions", "result":"Success", "context":{"id":"e8c40677-9135-4903-81db-ff27a7040abf", "isDeleted":"true", "size":"0", "version":"1734598420363"}}
{"logTime": "1219/085714", "correlationVector":"Y0R0efdcybS2JIakz6Uaq6.2","action":"Commit Response", "result":"Success", "context":Result: Success. cV=Y0R0efdcybS2JIakz6Uaq6.0;server=GENERAL0100001D;cloudType=Consumer;environment=Prod_WestEurope_x00e;migrationStage=NotStarted}
